2023-12-29 14:30:08,441 [INFO] Activator:176 - 


2023-12-29 14:30:08,442 [INFO] Activator:177 - !SESSION log4j initialized
2023-12-29 14:30:09,404 [INFO] LogOutputStream:77 - [STDOUT_REDIRECT] 
2023-12-29 14:30:10,302 [INFO] ApplicationProperties:184 - Using Application install path: /home/antoniosalsi/.local/lib/stm32cubeide/plugins/com.st.stm32cube.common.mx_6.10.0.202311202037
2023-12-29 14:30:10,311 [INFO] DbMcusXml:78 - Set database path to: /home/antoniosalsi/.local/lib/stm32cubeide/plugins/com.st.stm32cube.common.mx_6.10.0.202311202037//db//mcu/
2023-12-29 14:30:10,311 [INFO] ApiDb:274 - Set plugin database path to: /home/antoniosalsi/.local/lib/stm32cubeide/plugins/com.st.stm32cube.common.mx_6.10.0.202311202037//db//plugins/boardmanager/
2023-12-29 14:30:10,311 [WARN] ApiDb:259 - Overriding images path with different value:  => /home/antoniosalsi/.local/lib/stm32cubeide/plugins/com.st.stm32cube.common.mx_6.10.0.202311202037//db//plugins/mcufinder/images/
2023-12-29 14:30:10,313 [INFO] ApiDb:250 - Set database path to: /home/antoniosalsi/.stmcufinder/plugins/mcufinder//mcu/
2023-12-29 14:30:10,313 [INFO] DbMcusAds:125 - Set database path to: /home/antoniosalsi/.stmcufinder/plugins/mcufinder//mcu/
2023-12-29 14:30:10,314 [INFO] CrossReferenceDbSqlite:203 - Set database path to: /home/antoniosalsi/.stmcufinder/plugins/mcufinder//mcu/cs/
2023-12-29 14:30:10,361 [INFO] RulesReader:64 - Compatibility file has been processed (297 Rules)
2023-12-29 14:30:10,389 [INFO] DbMcusXml:78 - Set database path to: /home/antoniosalsi/.local/lib/stm32cubeide/plugins/com.st.stm32cube.common.mx_6.10.0.202311202037//db//mcu/
2023-12-29 14:30:10,390 [INFO] ApiDb:274 - Set plugin database path to: /home/antoniosalsi/.local/lib/stm32cubeide/plugins/com.st.stm32cube.common.mx_6.10.0.202311202037//db//plugins/boardmanager/
2023-12-29 14:30:10,390 [INFO] ApiDb:261 - Set plugin images path to: /home/antoniosalsi/.local/lib/stm32cubeide/plugins/com.st.stm32cube.common.mx_6.10.0.202311202037//db//plugins/mcufinder/images/
2023-12-29 14:30:10,390 [WARN] DbFile:41 - Overriding database path with different value: /home/antoniosalsi/.stmcufinder/plugins/mcufinder/ => /home/antoniosalsi/.stmcufinder/plugins/mcufinder
2023-12-29 14:30:10,390 [INFO] ApiDb:250 - Set database path to: /home/antoniosalsi/.stmcufinder/plugins/mcufinder//mcu/
2023-12-29 14:30:10,390 [WARN] DbFile:41 - Overriding database path with different value: /home/antoniosalsi/.stmcufinder/plugins/mcufinder/ => /home/antoniosalsi/.stmcufinder/plugins/mcufinder
2023-12-29 14:30:10,390 [INFO] DbMcusAds:125 - Set database path to: /home/antoniosalsi/.stmcufinder/plugins/mcufinder//mcu/
2023-12-29 14:30:10,390 [WARN] DbFile:41 - Overriding database path with different value: /home/antoniosalsi/.stmcufinder/plugins/mcufinder/ => /home/antoniosalsi/.stmcufinder/plugins/mcufinder
2023-12-29 14:30:10,390 [WARN] DbFile:41 - Overriding database path with different value: /home/antoniosalsi/.stmcufinder/plugins/mcufinder/ => /home/antoniosalsi/.stmcufinder/plugins/mcufinder
2023-12-29 14:30:10,390 [INFO] CrossReferenceDbSqlite:203 - Set database path to: /home/antoniosalsi/.stmcufinder/plugins/mcufinder//mcu/cs/
2023-12-29 14:30:10,420 [INFO] MainPanel:264 - HeapMemory: 268435456
2023-12-29 14:30:10,460 [INFO] DbMcusXml:78 - Set database path to: /home/antoniosalsi/.local/lib/stm32cubeide/plugins/com.st.stm32cube.common.mx_6.10.0.202311202037//db//mcu/
2023-12-29 14:30:10,460 [INFO] ApiDb:274 - Set plugin database path to: /home/antoniosalsi/.local/lib/stm32cubeide/plugins/com.st.stm32cube.common.mx_6.10.0.202311202037//db//plugins/boardmanager/
2023-12-29 14:30:10,460 [INFO] ApiDb:261 - Set plugin images path to: /home/antoniosalsi/.local/lib/stm32cubeide/plugins/com.st.stm32cube.common.mx_6.10.0.202311202037//db//plugins/mcufinder/images/
2023-12-29 14:30:10,460 [WARN] DbFile:41 - Overriding database path with different value: /home/antoniosalsi/.stmcufinder/plugins/mcufinder/ => /home/antoniosalsi/.stmcufinder/plugins/mcufinder
2023-12-29 14:30:10,460 [INFO] ApiDb:250 - Set database path to: /home/antoniosalsi/.stmcufinder/plugins/mcufinder//mcu/
2023-12-29 14:30:10,460 [WARN] DbFile:41 - Overriding database path with different value: /home/antoniosalsi/.stmcufinder/plugins/mcufinder/ => /home/antoniosalsi/.stmcufinder/plugins/mcufinder
2023-12-29 14:30:10,460 [INFO] DbMcusAds:125 - Set database path to: /home/antoniosalsi/.stmcufinder/plugins/mcufinder//mcu/
2023-12-29 14:30:10,460 [WARN] DbFile:41 - Overriding database path with different value: /home/antoniosalsi/.stmcufinder/plugins/mcufinder/ => /home/antoniosalsi/.stmcufinder/plugins/mcufinder
2023-12-29 14:30:10,460 [WARN] DbFile:41 - Overriding database path with different value: /home/antoniosalsi/.stmcufinder/plugins/mcufinder/ => /home/antoniosalsi/.stmcufinder/plugins/mcufinder
2023-12-29 14:30:10,460 [INFO] CrossReferenceDbSqlite:203 - Set database path to: /home/antoniosalsi/.stmcufinder/plugins/mcufinder//mcu/cs/
2023-12-29 14:30:10,467 [INFO] ApplicationProperties:184 - Using Application install path: /home/antoniosalsi/.local/lib/stm32cubeide/plugins/com.st.stm32cube.common.mx_6.10.0.202311202037
2023-12-29 14:30:10,468 [INFO] PluginManage:196 - Search for loadable plugins [exclusion list=, ]
2023-12-29 14:30:10,468 [INFO] PluginManage:310 - Check plugin analytics
2023-12-29 14:30:10,540 [INFO] AnalyticsPlugin:253 - Accepted Software Licenses: STM32CubeMX.6.10.0
2023-12-29 14:30:10,540 [INFO] AnalyticsPlugin:255 - Accepted CMSIS Pack Licenses: 
2023-12-29 14:30:10,540 [INFO] AnalyticsPlugin:257 - Accepted Firmware Licenses: FW.G4.1.5.0
2023-12-29 14:30:10,541 [INFO] PluginManage:359 - Loaded plugin analytics (category:tool,tabindex:-1)
2023-12-29 14:30:10,541 [INFO] PluginManage:310 - Check plugin cadmodel
2023-12-29 14:30:10,552 [INFO] CADModel:105 - Init CAD model plugin
2023-12-29 14:30:10,552 [INFO] PluginManage:359 - Loaded plugin cadmodel (category:power,tabindex:5)
2023-12-29 14:30:10,552 [INFO] PluginManage:310 - Check plugin clock
2023-12-29 14:30:10,556 [INFO] PluginManage:359 - Loaded plugin clock (category:base,tabindex:2)
2023-12-29 14:30:10,556 [INFO] PluginManage:310 - Check plugin ddr
2023-12-29 14:30:10,558 [INFO] PluginManage:359 - Loaded plugin ddr (category:tool,tabindex:6)
2023-12-29 14:30:10,558 [INFO] PluginManage:310 - Check plugin filemanager
2023-12-29 14:30:10,633 [INFO] PluginManage:359 - Loaded plugin filemanager (category:base,tabindex:10)
2023-12-29 14:30:10,633 [INFO] PluginManage:310 - Check plugin ipmanager
2023-12-29 14:30:10,636 [INFO] PluginManage:359 - Loaded plugin ipmanager (category:base,tabindex:5)
2023-12-29 14:30:10,636 [INFO] PluginManage:310 - Check plugin lpbam
2023-12-29 14:30:10,640 [INFO] PluginManage:359 - Loaded plugin lpbam (category:base,tabindex:0)
2023-12-29 14:30:10,640 [INFO] PluginManage:310 - Check plugin memorymap
2023-12-29 14:30:10,648 [INFO] PluginManage:359 - Loaded plugin memorymap (category:base,tabindex:4)
2023-12-29 14:30:10,648 [INFO] PluginManage:310 - Check plugin pinoutandconfiguration
2023-12-29 14:30:10,653 [INFO] PluginManage:359 - Loaded plugin pinoutandconfiguration (category:base,tabindex:1)
2023-12-29 14:30:10,653 [INFO] PluginManage:310 - Check plugin pinoutconfig
2023-12-29 14:30:10,713 [WARN] SupportedApi:132 - Cannot load RTOS API schema: s4s-elt-must-match.1: The content of 'definitions' must match (annotation?, (simpleType | complexType)?, (unique | key | keyref)*)). A problem was found starting at: attribute.
2023-12-29 14:30:10,783 [INFO] PluginManage:359 - Loaded plugin pinoutconfig (category:base,tabindex:0)
2023-12-29 14:30:10,783 [INFO] PluginManage:310 - Check plugin power
2023-12-29 14:30:10,787 [INFO] PluginManage:359 - Loaded plugin power (category:power,tabindex:4)
2023-12-29 14:30:10,787 [INFO] PluginManage:310 - Check plugin projectmanager
2023-12-29 14:30:10,796 [INFO] PluginManage:359 - Loaded plugin projectmanager (category:projectmanager,tabindex:3)
2023-12-29 14:30:10,796 [INFO] PluginManage:310 - Check plugin thirdparty
2023-12-29 14:30:10,854 [INFO] PluginManage:359 - Loaded plugin thirdparty (category:base,tabindex:-1)
2023-12-29 14:30:10,854 [INFO] PluginManage:310 - Check plugin tools
2023-12-29 14:30:10,854 [WARN] IntegrityCheckThread:84 - waiting for thirdparty lock release [integrity check]
2023-12-29 14:30:10,855 [INFO] IntegrityCheckThread:86 - entering critical section [integrity check]
2023-12-29 14:30:10,855 [INFO] ThirdPartyUpdaterWithRetryManager:70 - Updater plugin not ready yet. [1/15]
2023-12-29 14:30:10,856 [INFO] PluginManage:359 - Loaded plugin tools (category:base,tabindex:7)
2023-12-29 14:30:10,856 [INFO] PluginManage:310 - Check plugin tutovideos
2023-12-29 14:30:10,929 [INFO] PluginManage:359 - Loaded plugin tutovideos (category:base,tabindex:-1)
2023-12-29 14:30:10,930 [INFO] PluginManage:310 - Check plugin updater
2023-12-29 14:30:10,935 [INFO] PluginManage:359 - Loaded plugin updater (category:base,tabindex:12)
2023-12-29 14:30:10,937 [INFO] PluginManage:310 - Check plugin userauth
2023-12-29 14:30:10,940 [INFO] UserAuth:114 - Init User Auth plugin
2023-12-29 14:30:10,940 [INFO] PluginManage:359 - Loaded plugin userauth (category:base,tabindex:14)
2023-12-29 14:30:10,940 [INFO] PluginManage:283 - PluginManage : Loaded plugins [17]
2023-12-29 14:30:11,022 [INFO] PinOutPanel:1499 - setPackage(No Configuration,No Configuration)
2023-12-29 14:30:11,058 [INFO] CADModel:165 - CPN selected for project level
2023-12-29 14:30:11,058 [INFO] CADModel:114 - Register for checkConnection events
2023-12-29 14:30:11,066 [INFO] IPUIPlugin:80 - create IPUIPlugin
2023-12-29 14:30:11,066 [INFO] PluginManager:220 - loadIPPluginJar : add gfxmmu
2023-12-29 14:30:11,067 [INFO] IPUIPlugin:80 - create IPUIPlugin
2023-12-29 14:30:11,068 [INFO] PluginManager:220 - loadIPPluginJar : add i2c
2023-12-29 14:30:11,068 [INFO] IPUIPlugin:80 - create IPUIPlugin
2023-12-29 14:30:11,068 [INFO] PluginManager:220 - loadIPPluginJar : add genericplugin
2023-12-29 14:30:11,070 [INFO] IPUIPlugin:80 - create IPUIPlugin
2023-12-29 14:30:11,070 [INFO] PluginManager:220 - loadIPPluginJar : add lorawan
2023-12-29 14:30:11,071 [INFO] IPUIPlugin:80 - create IPUIPlugin
2023-12-29 14:30:11,071 [INFO] PluginManager:220 - loadIPPluginJar : add cryp
2023-12-29 14:30:11,072 [INFO] IPUIPlugin:80 - create IPUIPlugin
2023-12-29 14:30:11,072 [INFO] PluginManager:220 - loadIPPluginJar : add comp
2023-12-29 14:30:11,073 [INFO] IPUIPlugin:80 - create IPUIPlugin
2023-12-29 14:30:11,073 [INFO] PluginManager:220 - loadIPPluginJar : add fatfs
2023-12-29 14:30:11,074 [INFO] IPUIPlugin:80 - create IPUIPlugin
2023-12-29 14:30:11,074 [INFO] PluginManager:220 - loadIPPluginJar : add i2s
2023-12-29 14:30:11,075 [INFO] IPUIPlugin:80 - create IPUIPlugin
2023-12-29 14:30:11,075 [INFO] PluginManager:220 - loadIPPluginJar : add dfsdm
2023-12-29 14:30:11,076 [INFO] IPUIPlugin:80 - create IPUIPlugin
2023-12-29 14:30:11,077 [INFO] PluginManager:220 - loadIPPluginJar : add nvic
2023-12-29 14:30:11,080 [INFO] IPUIPlugin:80 - create IPUIPlugin
2023-12-29 14:30:11,080 [INFO] PluginManager:220 - loadIPPluginJar : add freertos
2023-12-29 14:30:11,083 [INFO] IPUIPlugin:80 - create IPUIPlugin
2023-12-29 14:30:11,083 [INFO] PluginManager:220 - loadIPPluginJar : add fmc
2023-12-29 14:30:11,086 [INFO] IPUIPlugin:80 - create IPUIPlugin
2023-12-29 14:30:11,086 [INFO] PluginManager:220 - loadIPPluginJar : add stm32_wpan
2023-12-29 14:30:11,087 [INFO] IPUIPlugin:80 - create IPUIPlugin
2023-12-29 14:30:11,087 [INFO] PluginManager:220 - loadIPPluginJar : add spi
2023-12-29 14:30:11,089 [INFO] IPUIPlugin:80 - create IPUIPlugin
2023-12-29 14:30:11,089 [INFO] PluginManager:220 - loadIPPluginJar : add resmgrutility
2023-12-29 14:30:11,090 [INFO] IPUIPlugin:80 - create IPUIPlugin
2023-12-29 14:30:11,090 [INFO] PluginManager:220 - loadIPPluginJar : add hash
2023-12-29 14:30:11,092 [INFO] IPUIPlugin:80 - create IPUIPlugin
2023-12-29 14:30:11,092 [INFO] PluginManager:220 - loadIPPluginJar : add openamp
2023-12-29 14:30:11,092 [INFO] IPUIPlugin:80 - create IPUIPlugin
2023-12-29 14:30:11,093 [INFO] PluginManager:220 - loadIPPluginJar : add ucpd
2023-12-29 14:30:11,094 [INFO] IPUIPlugin:80 - create IPUIPlugin
2023-12-29 14:30:11,094 [INFO] PluginManager:220 - loadIPPluginJar : add ipddr
2023-12-29 14:30:11,095 [INFO] IPUIPlugin:80 - create IPUIPlugin
2023-12-29 14:30:11,095 [INFO] PluginManager:220 - loadIPPluginJar : add tracer_emb
2023-12-29 14:30:11,096 [INFO] IPUIPlugin:80 - create IPUIPlugin
2023-12-29 14:30:11,096 [INFO] PluginManager:220 - loadIPPluginJar : add ts
2023-12-29 14:30:11,096 [INFO] IPUIPlugin:80 - create IPUIPlugin
2023-12-29 14:30:11,096 [INFO] PluginManager:220 - loadIPPluginJar : add quadspi
2023-12-29 14:30:11,097 [INFO] IPUIPlugin:80 - create IPUIPlugin
2023-12-29 14:30:11,097 [INFO] PluginManager:220 - loadIPPluginJar : add tsc
2023-12-29 14:30:11,097 [INFO] IPUIPlugin:80 - create IPUIPlugin
2023-12-29 14:30:11,097 [INFO] PluginManager:220 - loadIPPluginJar : add tim
2023-12-29 14:30:11,101 [INFO] IPUIPlugin:80 - create IPUIPlugin
2023-12-29 14:30:11,102 [INFO] PluginManager:220 - loadIPPluginJar : add linkedlist
2023-12-29 14:30:11,103 [INFO] IPUIPlugin:80 - create IPUIPlugin
2023-12-29 14:30:11,103 [INFO] PluginManager:220 - loadIPPluginJar : add i3c
2023-12-29 14:30:11,106 [INFO] IPUIPlugin:80 - create IPUIPlugin
2023-12-29 14:30:11,106 [INFO] PluginManager:220 - loadIPPluginJar : add dma
2023-12-29 14:30:11,108 [INFO] IPUIPlugin:80 - create IPUIPlugin
2023-12-29 14:30:11,108 [INFO] PluginManager:220 - loadIPPluginJar : add usbx
2023-12-29 14:30:11,110 [INFO] IPUIPlugin:80 - create IPUIPlugin
2023-12-29 14:30:11,110 [INFO] PluginManager:220 - loadIPPluginJar : add sai
2023-12-29 14:30:11,113 [INFO] IPUIPlugin:80 - create IPUIPlugin
2023-12-29 14:30:11,113 [INFO] PluginManager:220 - loadIPPluginJar : add gic
2023-12-29 14:30:11,114 [INFO] IPUIPlugin:80 - create IPUIPlugin
2023-12-29 14:30:11,115 [INFO] PluginManager:220 - loadIPPluginJar : add aes
2023-12-29 14:30:11,116 [INFO] IPUIPlugin:80 - create IPUIPlugin
2023-12-29 14:30:11,116 [INFO] PluginManager:220 - loadIPPluginJar : add touchsensing
2023-12-29 14:30:11,118 [INFO] IPUIPlugin:80 - create IPUIPlugin
2023-12-29 14:30:11,118 [INFO] PluginManager:220 - loadIPPluginJar : add opamp
2023-12-29 14:30:11,122 [INFO] IPUIPlugin:80 - create IPUIPlugin
2023-12-29 14:30:11,122 [INFO] PluginManager:220 - loadIPPluginJar : add adc
2023-12-29 14:30:11,123 [INFO] IPUIPlugin:80 - create IPUIPlugin
2023-12-29 14:30:11,123 [INFO] PluginManager:220 - loadIPPluginJar : add can
2023-12-29 14:30:11,123 [INFO] IPUIPlugin:80 - create IPUIPlugin
2023-12-29 14:30:11,124 [INFO] PluginManager:220 - loadIPPluginJar : add ltdc
2023-12-29 14:30:11,124 [INFO] IPUIPlugin:80 - create IPUIPlugin
2023-12-29 14:30:11,124 [INFO] PluginManager:220 - loadIPPluginJar : add dma3
2023-12-29 14:30:11,126 [INFO] IPUIPlugin:80 - create IPUIPlugin
2023-12-29 14:30:11,126 [INFO] PluginManager:220 - loadIPPluginJar : add gpio
2023-12-29 14:30:11,127 [INFO] IPUIPlugin:80 - create IPUIPlugin
2023-12-29 14:30:11,127 [INFO] PluginManager:220 - loadIPPluginJar : add gtzc
2023-12-29 14:30:11,130 [INFO] IPUIPlugin:80 - create IPUIPlugin
2023-12-29 14:30:11,131 [INFO] PluginManager:220 - loadIPPluginJar : add plateformsettings
2023-12-29 14:30:11,132 [INFO] IPUIPlugin:80 - create IPUIPlugin
2023-12-29 14:30:11,133 [INFO] PluginManager:220 - loadIPPluginJar : add usart
2023-12-29 14:30:11,133 [INFO] IPUIPlugin:80 - create IPUIPlugin
2023-12-29 14:30:11,133 [INFO] PluginManager:220 - loadIPPluginJar : add pdm2pcm
2023-12-29 14:30:11,136 [INFO] IPUIPlugin:80 - create IPUIPlugin
2023-12-29 14:30:11,136 [INFO] PluginManager:220 - loadIPPluginJar : add mdma
2023-12-29 14:30:11,223 [INFO] CADModel:165 - CPN selected for project level
2023-12-29 14:30:11,223 [INFO] CADModel:114 - Register for checkConnection events
2023-12-29 14:30:11,224 [FATAL] Updater:308 - Updater called before beeing initialized
2023-12-29 14:30:11,224 [ERROR] CADModel:125 - Updater not yet initialized, retry later 
2023-12-29 14:30:11,287 [INFO] CADModel:165 - CPN selected for project level
2023-12-29 14:30:11,288 [INFO] CADModel:114 - Register for checkConnection events
2023-12-29 14:30:11,288 [FATAL] Updater:308 - Updater called before beeing initialized
2023-12-29 14:30:11,288 [ERROR] CADModel:125 - Updater not yet initialized, retry later 
2023-12-29 14:30:11,290 [FATAL] Updater:308 - Updater called before beeing initialized
2023-12-29 14:30:11,327 [FATAL] Updater:308 - Updater called before beeing initialized
2023-12-29 14:30:11,329 [INFO] DbMcusAds:53 - JSON generation date=Wed Nov 29 11:52:27 CET 2023 (1701255147349)
2023-12-29 14:30:11,329 [FATAL] Updater:308 - Updater called before beeing initialized
2023-12-29 14:30:11,347 [WARN] DetailPanel:346 - Failed to get advertising image, set to default
2023-12-29 14:30:11,401 [FATAL] Updater:308 - Updater called before beeing initialized
2023-12-29 14:30:11,402 [FATAL] Updater:308 - Updater called before beeing initialized
2023-12-29 14:30:11,402 [FATAL] Updater:308 - Updater called before beeing initialized
2023-12-29 14:30:11,402 [WARN] DetailPanel:346 - Failed to get advertising image, set to default
2023-12-29 14:30:11,403 [FATAL] Updater:308 - Updater called before beeing initialized
2023-12-29 14:30:11,418 [ERROR] Updater:1120 - MainUpdater not yet initialized. External WinMGr cannot be set.
2023-12-29 14:30:11,419 [INFO] Updater:1056 - Updater Version found : 6.10.0
2023-12-29 14:30:11,429 [INFO] ApplicationProperties:184 - Using Application install path: /home/antoniosalsi/.local/lib/stm32cubeide/plugins/com.st.stm32cube.common.mx_6.10.0.202311202037
2023-12-29 14:30:11,599 [INFO] MainUpdater:2873 - connection check result : 10
2023-12-29 14:30:11,600 [INFO] MainUpdater:290 - Updater Check For Update Now.
2023-12-29 14:30:11,600 [INFO] MicroXplorer:498 - Change Database Version : DB.6.0.100
2023-12-29 14:30:11,602 [INFO] McuFinderGlobals:63 - Set McuFinder mode to 2 (CubeIDE integrated)
2023-12-29 14:30:11,745 [INFO] CheckServerUpdateThread:120 - End of CheckServer Thread
2023-12-29 14:30:11,801 [INFO] UserAuth:404 - Internet connection configuration mode: 1
2023-12-29 14:30:11,809 [INFO] JxBrowserEngine:152 - Initiate JxBrowser Engine with user profile folder
2023-12-29 14:30:12,115 [INFO] WebApp:161 - Instantiating new browser for Auth
2023-12-29 14:30:12,370 [INFO] WebApp:780 - Register for checkConnection events
2023-12-29 14:30:12,370 [INFO] WebApp:414 - Apply proxy settings
2023-12-29 14:30:12,370 [INFO] WebApp:499 - Chromium requires no authentication
2023-12-29 14:30:12,373 [INFO] WebApp:442 - Direct internet connection detected
2023-12-29 14:30:12,430 [INFO] WebApp:192 - Starting web application
2023-12-29 14:30:12,430 [INFO] WebApp:544 - Web application path used /home/antoniosalsi/.local/lib/stm32cubeide/plugins/com.st.stm32cube.common.mx_6.10.0.202311202037/db/plugins/mcufinder/reactClient1/index.html
2023-12-29 14:30:13,893 [WARN] PackLoader:240 - Cannot read IP mode file for STMicroelectronics.X-CUBE-SMBUS.2.1.0
2023-12-29 14:30:13,897 [WARN] PackLoader:240 - Cannot read IP mode file for STMicroelectronics.X-CUBE-TOUCHGFX.4.23.0
2023-12-29 14:30:13,911 [WARN] PackLoader:240 - Cannot read IP mode file for STMicroelectronics.X-CUBE-AZRTOS-F7.1.1.0
2023-12-29 14:30:13,921 [WARN] PackLoader:240 - Cannot read IP mode file for STMicroelectronics.FP-SNS-MOTENV1.4.3.2
2023-12-29 14:30:13,926 [WARN] PackLoader:240 - Cannot read IP mode file for STMicroelectronics.FP-SNS-FLIGHT1.5.0.2
2023-12-29 14:30:13,934 [WARN] PackLoader:240 - Cannot read IP mode file for STMicroelectronics.X-CUBE-DISPLAY.3.0.0
2023-12-29 14:30:13,951 [WARN] PackLoader:240 - Cannot read IP mode file for STMicroelectronics.X-CUBE-BLE1.7.0.0
2023-12-29 14:30:13,957 [WARN] PackLoader:240 - Cannot read IP mode file for emotas.I-CUBE-CANOPEN.1.3.0
2023-12-29 14:30:13,964 [WARN] PackLoader:240 - Cannot read IP mode file for STMicroelectronics.FP-SNS-SMARTAG2.1.2.0
2023-12-29 14:30:13,972 [INFO] LogOutputStream:77 - [STDOUT_REDIRECT] 1 : Invalid condition id : UX_CORESTACK_Condition cause : null
2023-12-29 14:30:13,972 [INFO] LogOutputStream:77 - [STDOUT_REDIRECT] 1 : Invalid condition id : UX_CORESTACK_Condition cause : null
2023-12-29 14:30:13,972 [INFO] LogOutputStream:77 - [STDOUT_REDIRECT] 1 : Invalid condition id : UX_CORESTACK_Condition cause : null
2023-12-29 14:30:13,973 [INFO] LogOutputStream:77 - [STDOUT_REDIRECT] 1 : Invalid condition id : UX_CORESTACK_Condition cause : null
2023-12-29 14:30:13,973 [INFO] LogOutputStream:77 - [STDOUT_REDIRECT] 1 : Invalid condition id : UX_CORESTACK_Condition cause : null
2023-12-29 14:30:13,977 [WARN] PackLoader:240 - Cannot read IP mode file for STMicroelectronics.X-CUBE-AZRTOS-WL.2.0.0
2023-12-29 14:30:13,983 [WARN] PackLoader:240 - Cannot read IP mode file for WES.I-CUBE-Cesium.1.3.0
2023-12-29 14:30:13,986 [WARN] PackLoader:240 - Cannot read IP mode file for STMicroelectronics.X-CUBE-BLE2.3.3.0
2023-12-29 14:30:13,990 [WARN] PackLoader:240 - Cannot read IP mode file for STMicroelectronics.X-CUBE-ALGOBUILD.1.3.0
2023-12-29 14:30:13,999 [WARN] PackLoader:240 - Cannot read IP mode file for STMicroelectronics.X-CUBE-AZRTOS-G0.1.1.0
2023-12-29 14:30:14,004 [WARN] PackLoader:240 - Cannot read IP mode file for STMicroelectronics.X-CUBE-NFC4.3.0.0
2023-12-29 14:30:14,011 [WARN] PackLoader:240 - Cannot read IP mode file for STMicroelectronics.X-CUBE-BLEMGR.3.0.0
2023-12-29 14:30:14,015 [WARN] PackLoader:240 - Cannot read IP mode file for STMicroelectronics.FP-ATR-SIGFOX1.3.2.0
2023-12-29 14:30:14,018 [WARN] PackLoader:240 - Cannot read IP mode file for STMicroelectronics.X-CUBE-GNSS1.6.0.0
2023-12-29 14:30:14,026 [WARN] PackLoader:240 - Cannot read IP mode file for STMicroelectronics.X-CUBE-AZRTOS-F4.1.1.0
2023-12-29 14:30:14,029 [WARN] PackLoader:240 - Cannot read IP mode file for wolfSSL.I-CUBE-wolfSSL.5.6.4
2023-12-29 14:30:14,035 [WARN] PackLoader:240 - Cannot read IP mode file for STMicroelectronics.X-CUBE-AZRTOS-L5.2.0.0
2023-12-29 14:30:14,040 [WARN] PackLoader:240 - Cannot read IP mode file for STMicroelectronics.X-CUBE-EEPRMA1.4.2.0
2023-12-29 14:30:14,044 [WARN] PackLoader:240 - Cannot read IP mode file for ITTIA_DB.I-CUBE-ITTIADB.8.8.0
2023-12-29 14:30:14,047 [WARN] PackLoader:240 - Cannot read IP mode file for STMicroelectronics.X-CUBE-NFC7.1.0.1
2023-12-29 14:30:14,051 [WARN] PackLoader:240 - Cannot read IP mode file for STMicroelectronics.X-CUBE-NFC6.3.0.0
2023-12-29 14:30:14,055 [WARN] PackLoader:240 - Cannot read IP mode file for STMicroelectronics.X-CUBE-AI.8.1.0
2023-12-29 14:30:14,065 [WARN] ConditionMgr:438 - getConditionDescription Invalid condition id : LAN8742 Phy interface Condition cause : null
2023-12-29 14:30:14,065 [WARN] PackLoader:240 - Cannot read IP mode file for STMicroelectronics.X-CUBE-AZRTOS-L4.2.0.0
2023-12-29 14:30:14,067 [WARN] ConditionMgr:1039 - genDependencies : Invalid condition id : LAN8742 Phy interface Condition cause : null
2023-12-29 14:30:14,067 [WARN] ConditionMgr:1039 - genDependencies : Invalid condition id : LAN8742 Phy interface Condition cause : null
2023-12-29 14:30:14,067 [WARN] ConditionMgr:1039 - genDependencies : Invalid condition id : LAN8742 Phy interface Condition cause : null
2023-12-29 14:30:14,072 [WARN] PackLoader:240 - Cannot read IP mode file for STMicroelectronics.X-CUBE-SFXS2LP1.4.0.0
2023-12-29 14:30:14,079 [WARN] ConditionMgr:438 - getConditionDescription Invalid condition id : UX DEVICE CLASS RTOS Condition cause : null
2023-12-29 14:30:14,079 [WARN] ConditionMgr:438 - getConditionDescription Invalid condition id : UX DEVICE CLASS RTOS Condition cause : null
2023-12-29 14:30:14,080 [WARN] PackLoader:240 - Cannot read IP mode file for STMicroelectronics.X-CUBE-AZRTOS-WB.2.0.0
2023-12-29 14:30:14,081 [WARN] ConditionMgr:1039 - genDependencies : Invalid condition id : UX DEVICE CLASS RTOS Condition cause : null
2023-12-29 14:30:14,081 [WARN] ConditionMgr:1039 - genDependencies : Invalid condition id : UX DEVICE CLASS RTOS Condition cause : null
2023-12-29 14:30:14,081 [WARN] ConditionMgr:1039 - genDependencies : Invalid condition id : UX DEVICE CLASS RTOS Condition cause : null
2023-12-29 14:30:14,081 [WARN] ConditionMgr:1039 - genDependencies : Invalid condition id : UX DEVICE CLASS RTOS Condition cause : null
2023-12-29 14:30:14,081 [WARN] ConditionMgr:1039 - genDependencies : Invalid condition id : UX DEVICE CLASS RTOS Condition cause : null
2023-12-29 14:30:14,090 [WARN] PackLoader:240 - Cannot read IP mode file for STMicroelectronics.X-CUBE-SUBG2.5.0.0
2023-12-29 14:30:14,104 [WARN] PackLoader:240 - Cannot read IP mode file for STMicroelectronics.X-CUBE-AZRTOS-G4.2.0.0
2023-12-29 14:30:14,112 [WARN] PackLoader:240 - Cannot read IP mode file for Infineon.AIROC-Wi-Fi-Bluetooth-STM32.1.5.1
2023-12-29 14:30:14,117 [WARN] PackLoader:240 - Cannot read IP mode file for STMicroelectronics.FP-SNS-MOTENVWB1.1.3.1
2023-12-29 14:30:14,119 [WARN] PackLoader:240 - Cannot read IP mode file for STMicroelectronics.X-CUBE-ISPU.2.0.0
2023-12-29 14:30:14,141 [WARN] PackLoader:240 - Cannot read IP mode file for STMicroelectronics.X-CUBE-MEMS1.10.0.0
2023-12-29 14:30:14,200 [WARN] PackLoader:240 - Cannot read IP mode file for STMicroelectronics.X-CUBE-FREERTOS.1.1.0
2023-12-29 14:30:14,202 [WARN] PackLoader:240 - Cannot read IP mode file for portGmbH.I-Cube-SoM-uGOAL.1.1.0
2023-12-29 14:30:14,204 [WARN] PackLoader:240 - Cannot read IP mode file for STMicroelectronics.X-CUBE-ALS.1.0.1
2023-12-29 14:30:14,206 [WARN] PackLoader:240 - Cannot read IP mode file for STMicroelectronics.FP-ATR-ASTRA1.2.0.0
2023-12-29 14:30:14,210 [WARN] PackLoader:240 - Cannot read IP mode file for STMicroelectronics.X-CUBE-TOF1.3.4.0
2023-12-29 14:30:14,222 [WARN] PackLoader:240 - Cannot read IP mode file for STMicroelectronics.X-CUBE-AZRTOS-H7.3.2.0
2023-12-29 14:30:14,224 [INFO] ThirdParty:978 - Integrity check success = true
2023-12-29 14:30:14,224 [INFO] IntegrityCheckThread:100 - exiting critical section [integrity check]
2023-12-29 14:30:14,224 [INFO] IntegrityCheckThread:103 - End integrity checks thread
2023-12-29 14:30:32,727 [ERROR] LogOutputStream:75 - [STDERR_REDIRECT] SLF4J: Failed to load class "org.slf4j.impl.StaticLoggerBinder".
2023-12-29 14:30:32,727 [ERROR] LogOutputStream:75 - [STDERR_REDIRECT] SLF4J: Defaulting to no-operation (NOP) logger implementation
2023-12-29 14:30:32,727 [ERROR] LogOutputStream:75 - [STDERR_REDIRECT] SLF4J: See http://www.slf4j.org/codes.html#StaticLoggerBinder for further details.
2023-12-29 14:47:12,804 [ERROR] LogOutputStream:75 - [STDERR_REDIRECT] 
2023-12-29 22:24:53,428 [INFO] Activator:176 - 


2023-12-29 22:24:53,430 [INFO] Activator:177 - !SESSION log4j initialized
2023-12-29 22:24:55,646 [INFO] LogOutputStream:77 - [STDOUT_REDIRECT] 
2023-12-29 22:24:56,036 [INFO] ApplicationProperties:184 - Using Application install path: /home/antoniosalsi/.local/lib/stm32cubeide/plugins/com.st.stm32cube.common.mx_6.10.0.202311202037
2023-12-29 22:24:56,047 [INFO] DbMcusXml:78 - Set database path to: /home/antoniosalsi/.local/lib/stm32cubeide/plugins/com.st.stm32cube.common.mx_6.10.0.202311202037//db//mcu/
2023-12-29 22:24:56,047 [INFO] ApiDb:274 - Set plugin database path to: /home/antoniosalsi/.local/lib/stm32cubeide/plugins/com.st.stm32cube.common.mx_6.10.0.202311202037//db//plugins/boardmanager/
2023-12-29 22:24:56,047 [WARN] ApiDb:259 - Overriding images path with different value:  => /home/antoniosalsi/.local/lib/stm32cubeide/plugins/com.st.stm32cube.common.mx_6.10.0.202311202037//db//plugins/mcufinder/images/
2023-12-29 22:24:56,050 [INFO] ApiDb:250 - Set database path to: /home/antoniosalsi/.stmcufinder/plugins/mcufinder//mcu/
2023-12-29 22:24:56,051 [INFO] DbMcusAds:125 - Set database path to: /home/antoniosalsi/.stmcufinder/plugins/mcufinder//mcu/
2023-12-29 22:24:56,052 [INFO] CrossReferenceDbSqlite:203 - Set database path to: /home/antoniosalsi/.stmcufinder/plugins/mcufinder//mcu/cs/
2023-12-29 22:24:56,110 [INFO] RulesReader:64 - Compatibility file has been processed (297 Rules)
2023-12-29 22:24:56,148 [INFO] DbMcusXml:78 - Set database path to: /home/antoniosalsi/.local/lib/stm32cubeide/plugins/com.st.stm32cube.common.mx_6.10.0.202311202037//db//mcu/
2023-12-29 22:24:56,148 [INFO] ApiDb:274 - Set plugin database path to: /home/antoniosalsi/.local/lib/stm32cubeide/plugins/com.st.stm32cube.common.mx_6.10.0.202311202037//db//plugins/boardmanager/
2023-12-29 22:24:56,148 [INFO] ApiDb:261 - Set plugin images path to: /home/antoniosalsi/.local/lib/stm32cubeide/plugins/com.st.stm32cube.common.mx_6.10.0.202311202037//db//plugins/mcufinder/images/
2023-12-29 22:24:56,148 [WARN] DbFile:41 - Overriding database path with different value: /home/antoniosalsi/.stmcufinder/plugins/mcufinder/ => /home/antoniosalsi/.stmcufinder/plugins/mcufinder
2023-12-29 22:24:56,148 [INFO] ApiDb:250 - Set database path to: /home/antoniosalsi/.stmcufinder/plugins/mcufinder//mcu/
2023-12-29 22:24:56,148 [WARN] DbFile:41 - Overriding database path with different value: /home/antoniosalsi/.stmcufinder/plugins/mcufinder/ => /home/antoniosalsi/.stmcufinder/plugins/mcufinder
2023-12-29 22:24:56,149 [INFO] DbMcusAds:125 - Set database path to: /home/antoniosalsi/.stmcufinder/plugins/mcufinder//mcu/
2023-12-29 22:24:56,149 [WARN] DbFile:41 - Overriding database path with different value: /home/antoniosalsi/.stmcufinder/plugins/mcufinder/ => /home/antoniosalsi/.stmcufinder/plugins/mcufinder
2023-12-29 22:24:56,149 [WARN] DbFile:41 - Overriding database path with different value: /home/antoniosalsi/.stmcufinder/plugins/mcufinder/ => /home/antoniosalsi/.stmcufinder/plugins/mcufinder
2023-12-29 22:24:56,149 [INFO] CrossReferenceDbSqlite:203 - Set database path to: /home/antoniosalsi/.stmcufinder/plugins/mcufinder//mcu/cs/
2023-12-29 22:24:56,182 [INFO] MainPanel:264 - HeapMemory: 268435456
2023-12-29 22:24:56,229 [INFO] DbMcusXml:78 - Set database path to: /home/antoniosalsi/.local/lib/stm32cubeide/plugins/com.st.stm32cube.common.mx_6.10.0.202311202037//db//mcu/
2023-12-29 22:24:56,229 [INFO] ApiDb:274 - Set plugin database path to: /home/antoniosalsi/.local/lib/stm32cubeide/plugins/com.st.stm32cube.common.mx_6.10.0.202311202037//db//plugins/boardmanager/
2023-12-29 22:24:56,229 [INFO] ApiDb:261 - Set plugin images path to: /home/antoniosalsi/.local/lib/stm32cubeide/plugins/com.st.stm32cube.common.mx_6.10.0.202311202037//db//plugins/mcufinder/images/
2023-12-29 22:24:56,229 [WARN] DbFile:41 - Overriding database path with different value: /home/antoniosalsi/.stmcufinder/plugins/mcufinder/ => /home/antoniosalsi/.stmcufinder/plugins/mcufinder
2023-12-29 22:24:56,229 [INFO] ApiDb:250 - Set database path to: /home/antoniosalsi/.stmcufinder/plugins/mcufinder//mcu/
2023-12-29 22:24:56,229 [WARN] DbFile:41 - Overriding database path with different value: /home/antoniosalsi/.stmcufinder/plugins/mcufinder/ => /home/antoniosalsi/.stmcufinder/plugins/mcufinder
2023-12-29 22:24:56,230 [INFO] DbMcusAds:125 - Set database path to: /home/antoniosalsi/.stmcufinder/plugins/mcufinder//mcu/
2023-12-29 22:24:56,230 [WARN] DbFile:41 - Overriding database path with different value: /home/antoniosalsi/.stmcufinder/plugins/mcufinder/ => /home/antoniosalsi/.stmcufinder/plugins/mcufinder
2023-12-29 22:24:56,230 [WARN] DbFile:41 - Overriding database path with different value: /home/antoniosalsi/.stmcufinder/plugins/mcufinder/ => /home/antoniosalsi/.stmcufinder/plugins/mcufinder
2023-12-29 22:24:56,230 [INFO] CrossReferenceDbSqlite:203 - Set database path to: /home/antoniosalsi/.stmcufinder/plugins/mcufinder//mcu/cs/
2023-12-29 22:24:56,240 [INFO] ApplicationProperties:184 - Using Application install path: /home/antoniosalsi/.local/lib/stm32cubeide/plugins/com.st.stm32cube.common.mx_6.10.0.202311202037
2023-12-29 22:24:56,241 [INFO] PluginManage:196 - Search for loadable plugins [exclusion list=, ]
2023-12-29 22:24:56,241 [INFO] PluginManage:310 - Check plugin analytics
2023-12-29 22:24:56,328 [INFO] AnalyticsPlugin:253 - Accepted Software Licenses: STM32CubeMX.6.10.0
2023-12-29 22:24:56,328 [INFO] AnalyticsPlugin:255 - Accepted CMSIS Pack Licenses: 
2023-12-29 22:24:56,328 [INFO] AnalyticsPlugin:257 - Accepted Firmware Licenses: FW.G4.1.5.0
2023-12-29 22:24:56,329 [INFO] PluginManage:359 - Loaded plugin analytics (category:tool,tabindex:-1)
2023-12-29 22:24:56,329 [INFO] PluginManage:310 - Check plugin cadmodel
2023-12-29 22:24:56,347 [INFO] CADModel:105 - Init CAD model plugin
2023-12-29 22:24:56,348 [INFO] PluginManage:359 - Loaded plugin cadmodel (category:power,tabindex:5)
2023-12-29 22:24:56,348 [INFO] PluginManage:310 - Check plugin clock
2023-12-29 22:24:56,353 [INFO] PluginManage:359 - Loaded plugin clock (category:base,tabindex:2)
2023-12-29 22:24:56,353 [INFO] PluginManage:310 - Check plugin ddr
2023-12-29 22:24:56,354 [INFO] PluginManage:359 - Loaded plugin ddr (category:tool,tabindex:6)
2023-12-29 22:24:56,354 [INFO] PluginManage:310 - Check plugin filemanager
2023-12-29 22:24:56,438 [INFO] PluginManage:359 - Loaded plugin filemanager (category:base,tabindex:10)
2023-12-29 22:24:56,439 [INFO] PluginManage:310 - Check plugin ipmanager
2023-12-29 22:24:56,441 [INFO] PluginManage:359 - Loaded plugin ipmanager (category:base,tabindex:5)
2023-12-29 22:24:56,441 [INFO] PluginManage:310 - Check plugin lpbam
2023-12-29 22:24:56,446 [INFO] PluginManage:359 - Loaded plugin lpbam (category:base,tabindex:0)
2023-12-29 22:24:56,446 [INFO] PluginManage:310 - Check plugin memorymap
2023-12-29 22:24:56,453 [INFO] PluginManage:359 - Loaded plugin memorymap (category:base,tabindex:4)
2023-12-29 22:24:56,453 [INFO] PluginManage:310 - Check plugin pinoutandconfiguration
2023-12-29 22:24:56,457 [INFO] PluginManage:359 - Loaded plugin pinoutandconfiguration (category:base,tabindex:1)
2023-12-29 22:24:56,457 [INFO] PluginManage:310 - Check plugin pinoutconfig
2023-12-29 22:24:56,506 [WARN] SupportedApi:132 - Cannot load RTOS API schema: s4s-elt-must-match.1: The content of 'definitions' must match (annotation?, (simpleType | complexType)?, (unique | key | keyref)*)). A problem was found starting at: attribute.
2023-12-29 22:24:56,571 [INFO] PluginManage:359 - Loaded plugin pinoutconfig (category:base,tabindex:0)
2023-12-29 22:24:56,571 [INFO] PluginManage:310 - Check plugin power
2023-12-29 22:24:56,575 [INFO] PluginManage:359 - Loaded plugin power (category:power,tabindex:4)
2023-12-29 22:24:56,575 [INFO] PluginManage:310 - Check plugin projectmanager
2023-12-29 22:24:56,583 [INFO] PluginManage:359 - Loaded plugin projectmanager (category:projectmanager,tabindex:3)
2023-12-29 22:24:56,583 [INFO] PluginManage:310 - Check plugin thirdparty
2023-12-29 22:24:56,645 [INFO] PluginManage:359 - Loaded plugin thirdparty (category:base,tabindex:-1)
2023-12-29 22:24:56,645 [INFO] PluginManage:310 - Check plugin tools
2023-12-29 22:24:56,644 [WARN] IntegrityCheckThread:84 - waiting for thirdparty lock release [integrity check]
2023-12-29 22:24:56,645 [INFO] IntegrityCheckThread:86 - entering critical section [integrity check]
2023-12-29 22:24:56,645 [INFO] ThirdPartyUpdaterWithRetryManager:70 - Updater plugin not ready yet. [1/15]
2023-12-29 22:24:56,646 [INFO] PluginManage:359 - Loaded plugin tools (category:base,tabindex:7)
2023-12-29 22:24:56,646 [INFO] PluginManage:310 - Check plugin tutovideos
2023-12-29 22:24:56,735 [INFO] PluginManage:359 - Loaded plugin tutovideos (category:base,tabindex:-1)
2023-12-29 22:24:56,736 [INFO] PluginManage:310 - Check plugin updater
2023-12-29 22:24:56,744 [INFO] PluginManage:359 - Loaded plugin updater (category:base,tabindex:12)
2023-12-29 22:24:56,744 [INFO] PluginManage:310 - Check plugin userauth
2023-12-29 22:24:56,746 [INFO] UserAuth:114 - Init User Auth plugin
2023-12-29 22:24:56,747 [INFO] PluginManage:359 - Loaded plugin userauth (category:base,tabindex:14)
2023-12-29 22:24:56,747 [INFO] PluginManage:283 - PluginManage : Loaded plugins [17]
2023-12-29 22:24:56,836 [INFO] PinOutPanel:1499 - setPackage(No Configuration,No Configuration)
2023-12-29 22:24:56,872 [INFO] CADModel:165 - CPN selected for project level
2023-12-29 22:24:56,872 [INFO] CADModel:114 - Register for checkConnection events
2023-12-29 22:24:56,878 [INFO] IPUIPlugin:80 - create IPUIPlugin
2023-12-29 22:24:56,878 [INFO] PluginManager:220 - loadIPPluginJar : add gfxmmu
2023-12-29 22:24:56,879 [INFO] IPUIPlugin:80 - create IPUIPlugin
2023-12-29 22:24:56,879 [INFO] PluginManager:220 - loadIPPluginJar : add i2c
2023-12-29 22:24:56,879 [INFO] IPUIPlugin:80 - create IPUIPlugin
2023-12-29 22:24:56,879 [INFO] PluginManager:220 - loadIPPluginJar : add genericplugin
2023-12-29 22:24:56,880 [INFO] IPUIPlugin:80 - create IPUIPlugin
2023-12-29 22:24:56,880 [INFO] PluginManager:220 - loadIPPluginJar : add lorawan
2023-12-29 22:24:56,881 [INFO] IPUIPlugin:80 - create IPUIPlugin
2023-12-29 22:24:56,881 [INFO] PluginManager:220 - loadIPPluginJar : add cryp
2023-12-29 22:24:56,882 [INFO] IPUIPlugin:80 - create IPUIPlugin
2023-12-29 22:24:56,882 [INFO] PluginManager:220 - loadIPPluginJar : add comp
2023-12-29 22:24:56,882 [INFO] IPUIPlugin:80 - create IPUIPlugin
2023-12-29 22:24:56,882 [INFO] PluginManager:220 - loadIPPluginJar : add fatfs
2023-12-29 22:24:56,883 [INFO] IPUIPlugin:80 - create IPUIPlugin
2023-12-29 22:24:56,883 [INFO] PluginManager:220 - loadIPPluginJar : add i2s
2023-12-29 22:24:56,884 [INFO] IPUIPlugin:80 - create IPUIPlugin
2023-12-29 22:24:56,884 [INFO] PluginManager:220 - loadIPPluginJar : add dfsdm
2023-12-29 22:24:56,885 [INFO] IPUIPlugin:80 - create IPUIPlugin
2023-12-29 22:24:56,886 [INFO] PluginManager:220 - loadIPPluginJar : add nvic
2023-12-29 22:24:56,889 [INFO] IPUIPlugin:80 - create IPUIPlugin
2023-12-29 22:24:56,889 [INFO] PluginManager:220 - loadIPPluginJar : add freertos
2023-12-29 22:24:56,892 [INFO] IPUIPlugin:80 - create IPUIPlugin
2023-12-29 22:24:56,892 [INFO] PluginManager:220 - loadIPPluginJar : add fmc
2023-12-29 22:24:56,894 [INFO] IPUIPlugin:80 - create IPUIPlugin
2023-12-29 22:24:56,894 [INFO] PluginManager:220 - loadIPPluginJar : add stm32_wpan
2023-12-29 22:24:56,895 [INFO] IPUIPlugin:80 - create IPUIPlugin
2023-12-29 22:24:56,895 [INFO] PluginManager:220 - loadIPPluginJar : add spi
2023-12-29 22:24:56,896 [INFO] IPUIPlugin:80 - create IPUIPlugin
2023-12-29 22:24:56,896 [INFO] PluginManager:220 - loadIPPluginJar : add resmgrutility
2023-12-29 22:24:56,897 [INFO] IPUIPlugin:80 - create IPUIPlugin
2023-12-29 22:24:56,897 [INFO] PluginManager:220 - loadIPPluginJar : add hash
2023-12-29 22:24:56,898 [INFO] IPUIPlugin:80 - create IPUIPlugin
2023-12-29 22:24:56,898 [INFO] PluginManager:220 - loadIPPluginJar : add openamp
2023-12-29 22:24:56,899 [INFO] IPUIPlugin:80 - create IPUIPlugin
2023-12-29 22:24:56,899 [INFO] PluginManager:220 - loadIPPluginJar : add ucpd
2023-12-29 22:24:56,900 [INFO] IPUIPlugin:80 - create IPUIPlugin
2023-12-29 22:24:56,900 [INFO] PluginManager:220 - loadIPPluginJar : add ipddr
2023-12-29 22:24:56,901 [INFO] IPUIPlugin:80 - create IPUIPlugin
2023-12-29 22:24:56,901 [INFO] PluginManager:220 - loadIPPluginJar : add tracer_emb
2023-12-29 22:24:56,901 [INFO] IPUIPlugin:80 - create IPUIPlugin
2023-12-29 22:24:56,902 [INFO] PluginManager:220 - loadIPPluginJar : add ts
2023-12-29 22:24:56,902 [INFO] IPUIPlugin:80 - create IPUIPlugin
2023-12-29 22:24:56,902 [INFO] PluginManager:220 - loadIPPluginJar : add quadspi
2023-12-29 22:24:56,903 [INFO] IPUIPlugin:80 - create IPUIPlugin
2023-12-29 22:24:56,903 [INFO] PluginManager:220 - loadIPPluginJar : add tsc
2023-12-29 22:24:56,903 [INFO] IPUIPlugin:80 - create IPUIPlugin
2023-12-29 22:24:56,903 [INFO] PluginManager:220 - loadIPPluginJar : add tim
2023-12-29 22:24:56,907 [INFO] IPUIPlugin:80 - create IPUIPlugin
2023-12-29 22:24:56,907 [INFO] PluginManager:220 - loadIPPluginJar : add linkedlist
2023-12-29 22:24:56,908 [INFO] IPUIPlugin:80 - create IPUIPlugin
2023-12-29 22:24:56,908 [INFO] PluginManager:220 - loadIPPluginJar : add i3c
2023-12-29 22:24:56,911 [INFO] IPUIPlugin:80 - create IPUIPlugin
2023-12-29 22:24:56,911 [INFO] PluginManager:220 - loadIPPluginJar : add dma
2023-12-29 22:24:56,912 [INFO] IPUIPlugin:80 - create IPUIPlugin
2023-12-29 22:24:56,912 [INFO] PluginManager:220 - loadIPPluginJar : add usbx
2023-12-29 22:24:56,913 [INFO] IPUIPlugin:80 - create IPUIPlugin
2023-12-29 22:24:56,913 [INFO] PluginManager:220 - loadIPPluginJar : add sai
2023-12-29 22:24:56,915 [INFO] IPUIPlugin:80 - create IPUIPlugin
2023-12-29 22:24:56,915 [INFO] PluginManager:220 - loadIPPluginJar : add gic
2023-12-29 22:24:56,916 [INFO] IPUIPlugin:80 - create IPUIPlugin
2023-12-29 22:24:56,916 [INFO] PluginManager:220 - loadIPPluginJar : add aes
2023-12-29 22:24:56,917 [INFO] IPUIPlugin:80 - create IPUIPlugin
2023-12-29 22:24:56,917 [INFO] PluginManager:220 - loadIPPluginJar : add touchsensing
2023-12-29 22:24:56,918 [INFO] IPUIPlugin:80 - create IPUIPlugin
2023-12-29 22:24:56,918 [INFO] PluginManager:220 - loadIPPluginJar : add opamp
2023-12-29 22:24:56,920 [INFO] IPUIPlugin:80 - create IPUIPlugin
2023-12-29 22:24:56,920 [INFO] PluginManager:220 - loadIPPluginJar : add adc
2023-12-29 22:24:56,921 [INFO] IPUIPlugin:80 - create IPUIPlugin
2023-12-29 22:24:56,921 [INFO] PluginManager:220 - loadIPPluginJar : add can
2023-12-29 22:24:56,922 [INFO] IPUIPlugin:80 - create IPUIPlugin
2023-12-29 22:24:56,922 [INFO] PluginManager:220 - loadIPPluginJar : add ltdc
2023-12-29 22:24:56,922 [INFO] IPUIPlugin:80 - create IPUIPlugin
2023-12-29 22:24:56,922 [INFO] PluginManager:220 - loadIPPluginJar : add dma3
2023-12-29 22:24:56,924 [INFO] IPUIPlugin:80 - create IPUIPlugin
2023-12-29 22:24:56,924 [INFO] PluginManager:220 - loadIPPluginJar : add gpio
2023-12-29 22:24:56,924 [INFO] IPUIPlugin:80 - create IPUIPlugin
2023-12-29 22:24:56,924 [INFO] PluginManager:220 - loadIPPluginJar : add gtzc
2023-12-29 22:24:56,927 [INFO] IPUIPlugin:80 - create IPUIPlugin
2023-12-29 22:24:56,928 [INFO] PluginManager:220 - loadIPPluginJar : add plateformsettings
2023-12-29 22:24:56,929 [INFO] IPUIPlugin:80 - create IPUIPlugin
2023-12-29 22:24:56,929 [INFO] PluginManager:220 - loadIPPluginJar : add usart
2023-12-29 22:24:56,935 [INFO] IPUIPlugin:80 - create IPUIPlugin
2023-12-29 22:24:56,935 [INFO] PluginManager:220 - loadIPPluginJar : add pdm2pcm
2023-12-29 22:24:56,938 [INFO] IPUIPlugin:80 - create IPUIPlugin
2023-12-29 22:24:56,939 [INFO] PluginManager:220 - loadIPPluginJar : add mdma
2023-12-29 22:24:57,023 [INFO] CADModel:165 - CPN selected for project level
2023-12-29 22:24:57,023 [INFO] CADModel:114 - Register for checkConnection events
2023-12-29 22:24:57,023 [FATAL] Updater:308 - Updater called before beeing initialized
2023-12-29 22:24:57,023 [ERROR] CADModel:125 - Updater not yet initialized, retry later 
2023-12-29 22:24:57,095 [INFO] CADModel:165 - CPN selected for project level
2023-12-29 22:24:57,095 [INFO] CADModel:114 - Register for checkConnection events
2023-12-29 22:24:57,095 [FATAL] Updater:308 - Updater called before beeing initialized
2023-12-29 22:24:57,095 [ERROR] CADModel:125 - Updater not yet initialized, retry later 
2023-12-29 22:24:57,097 [FATAL] Updater:308 - Updater called before beeing initialized
2023-12-29 22:24:57,143 [FATAL] Updater:308 - Updater called before beeing initialized
2023-12-29 22:24:57,146 [INFO] DbMcusAds:53 - JSON generation date=Wed Nov 29 11:52:27 CET 2023 (1701255147349)
2023-12-29 22:24:57,146 [FATAL] Updater:308 - Updater called before beeing initialized
2023-12-29 22:24:57,170 [WARN] DetailPanel:346 - Failed to get advertising image, set to default
2023-12-29 22:24:57,226 [FATAL] Updater:308 - Updater called before beeing initialized
2023-12-29 22:24:57,227 [FATAL] Updater:308 - Updater called before beeing initialized
2023-12-29 22:24:57,227 [FATAL] Updater:308 - Updater called before beeing initialized
2023-12-29 22:24:57,227 [WARN] DetailPanel:346 - Failed to get advertising image, set to default
2023-12-29 22:24:57,228 [FATAL] Updater:308 - Updater called before beeing initialized
2023-12-29 22:24:57,242 [ERROR] Updater:1120 - MainUpdater not yet initialized. External WinMGr cannot be set.
2023-12-29 22:24:57,243 [INFO] Updater:1056 - Updater Version found : 6.10.0
2023-12-29 22:24:57,254 [INFO] ApplicationProperties:184 - Using Application install path: /home/antoniosalsi/.local/lib/stm32cubeide/plugins/com.st.stm32cube.common.mx_6.10.0.202311202037
2023-12-29 22:24:57,473 [INFO] MainUpdater:2873 - connection check result : 10
2023-12-29 22:24:57,473 [INFO] MainUpdater:290 - Updater Check For Update Now.
2023-12-29 22:24:57,473 [INFO] MicroXplorer:498 - Change Database Version : DB.6.0.100
2023-12-29 22:24:57,475 [INFO] McuFinderGlobals:63 - Set McuFinder mode to 2 (CubeIDE integrated)
2023-12-29 22:24:57,613 [INFO] CheckServerUpdateThread:120 - End of CheckServer Thread
2023-12-29 22:24:57,713 [INFO] UserAuth:404 - Internet connection configuration mode: 1
2023-12-29 22:24:57,722 [INFO] JxBrowserEngine:152 - Initiate JxBrowser Engine with user profile folder
2023-12-29 22:24:58,051 [INFO] WebApp:161 - Instantiating new browser for Auth
2023-12-29 22:24:58,294 [INFO] WebApp:780 - Register for checkConnection events
2023-12-29 22:24:58,294 [INFO] WebApp:414 - Apply proxy settings
2023-12-29 22:24:58,294 [INFO] WebApp:499 - Chromium requires no authentication
2023-12-29 22:24:58,297 [INFO] WebApp:442 - Direct internet connection detected
2023-12-29 22:24:58,355 [INFO] WebApp:192 - Starting web application
2023-12-29 22:24:58,355 [INFO] WebApp:544 - Web application path used /home/antoniosalsi/.local/lib/stm32cubeide/plugins/com.st.stm32cube.common.mx_6.10.0.202311202037/db/plugins/mcufinder/reactClient1/index.html
2023-12-29 22:24:59,684 [WARN] PackLoader:240 - Cannot read IP mode file for STMicroelectronics.X-CUBE-SMBUS.2.1.0
2023-12-29 22:24:59,687 [WARN] PackLoader:240 - Cannot read IP mode file for STMicroelectronics.X-CUBE-TOUCHGFX.4.23.0
2023-12-29 22:24:59,701 [WARN] PackLoader:240 - Cannot read IP mode file for STMicroelectronics.X-CUBE-AZRTOS-F7.1.1.0
2023-12-29 22:24:59,706 [WARN] PackLoader:240 - Cannot read IP mode file for STMicroelectronics.FP-SNS-MOTENV1.4.3.2
2023-12-29 22:24:59,710 [WARN] PackLoader:240 - Cannot read IP mode file for STMicroelectronics.FP-SNS-FLIGHT1.5.0.2
2023-12-29 22:24:59,714 [WARN] PackLoader:240 - Cannot read IP mode file for STMicroelectronics.X-CUBE-DISPLAY.3.0.0
2023-12-29 22:24:59,719 [WARN] PackLoader:240 - Cannot read IP mode file for STMicroelectronics.X-CUBE-BLE1.7.0.0
2023-12-29 22:24:59,722 [WARN] PackLoader:240 - Cannot read IP mode file for emotas.I-CUBE-CANOPEN.1.3.0
2023-12-29 22:24:59,724 [WARN] PackLoader:240 - Cannot read IP mode file for STMicroelectronics.FP-SNS-SMARTAG2.1.2.0
2023-12-29 22:24:59,729 [INFO] LogOutputStream:77 - [STDOUT_REDIRECT] 1 : Invalid condition id : UX_CORESTACK_Condition cause : null
2023-12-29 22:24:59,730 [INFO] LogOutputStream:77 - [STDOUT_REDIRECT] 1 : Invalid condition id : UX_CORESTACK_Condition cause : null
2023-12-29 22:24:59,730 [INFO] LogOutputStream:77 - [STDOUT_REDIRECT] 1 : Invalid condition id : UX_CORESTACK_Condition cause : null
2023-12-29 22:24:59,730 [INFO] LogOutputStream:77 - [STDOUT_REDIRECT] 1 : Invalid condition id : UX_CORESTACK_Condition cause : null
2023-12-29 22:24:59,730 [INFO] LogOutputStream:77 - [STDOUT_REDIRECT] 1 : Invalid condition id : UX_CORESTACK_Condition cause : null
2023-12-29 22:24:59,732 [WARN] PackLoader:240 - Cannot read IP mode file for STMicroelectronics.X-CUBE-AZRTOS-WL.2.0.0
2023-12-29 22:24:59,736 [WARN] PackLoader:240 - Cannot read IP mode file for WES.I-CUBE-Cesium.1.3.0
2023-12-29 22:24:59,738 [WARN] PackLoader:240 - Cannot read IP mode file for STMicroelectronics.X-CUBE-BLE2.3.3.0
2023-12-29 22:24:59,742 [WARN] PackLoader:240 - Cannot read IP mode file for STMicroelectronics.X-CUBE-ALGOBUILD.1.3.0
2023-12-29 22:24:59,750 [WARN] PackLoader:240 - Cannot read IP mode file for STMicroelectronics.X-CUBE-AZRTOS-G0.1.1.0
2023-12-29 22:24:59,754 [WARN] PackLoader:240 - Cannot read IP mode file for STMicroelectronics.X-CUBE-NFC4.3.0.0
2023-12-29 22:24:59,758 [WARN] PackLoader:240 - Cannot read IP mode file for STMicroelectronics.X-CUBE-BLEMGR.3.0.0
2023-12-29 22:24:59,762 [WARN] PackLoader:240 - Cannot read IP mode file for STMicroelectronics.FP-ATR-SIGFOX1.3.2.0
2023-12-29 22:24:59,767 [WARN] PackLoader:240 - Cannot read IP mode file for STMicroelectronics.X-CUBE-GNSS1.6.0.0
2023-12-29 22:24:59,773 [WARN] PackLoader:240 - Cannot read IP mode file for STMicroelectronics.X-CUBE-AZRTOS-F4.1.1.0
2023-12-29 22:24:59,776 [WARN] PackLoader:240 - Cannot read IP mode file for wolfSSL.I-CUBE-wolfSSL.5.6.4
2023-12-29 22:24:59,782 [WARN] PackLoader:240 - Cannot read IP mode file for STMicroelectronics.X-CUBE-AZRTOS-L5.2.0.0
2023-12-29 22:24:59,785 [WARN] PackLoader:240 - Cannot read IP mode file for STMicroelectronics.X-CUBE-EEPRMA1.4.2.0
2023-12-29 22:24:59,788 [WARN] PackLoader:240 - Cannot read IP mode file for ITTIA_DB.I-CUBE-ITTIADB.8.8.0
2023-12-29 22:24:59,790 [WARN] PackLoader:240 - Cannot read IP mode file for STMicroelectronics.X-CUBE-NFC7.1.0.1
2023-12-29 22:24:59,793 [WARN] PackLoader:240 - Cannot read IP mode file for STMicroelectronics.X-CUBE-NFC6.3.0.0
2023-12-29 22:24:59,796 [WARN] PackLoader:240 - Cannot read IP mode file for STMicroelectronics.X-CUBE-AI.8.1.0
2023-12-29 22:24:59,802 [WARN] ConditionMgr:438 - getConditionDescription Invalid condition id : LAN8742 Phy interface Condition cause : null
2023-12-29 22:24:59,803 [WARN] PackLoader:240 - Cannot read IP mode file for STMicroelectronics.X-CUBE-AZRTOS-L4.2.0.0
2023-12-29 22:24:59,803 [WARN] ConditionMgr:1039 - genDependencies : Invalid condition id : LAN8742 Phy interface Condition cause : null
2023-12-29 22:24:59,803 [WARN] ConditionMgr:1039 - genDependencies : Invalid condition id : LAN8742 Phy interface Condition cause : null
2023-12-29 22:24:59,804 [WARN] ConditionMgr:1039 - genDependencies : Invalid condition id : LAN8742 Phy interface Condition cause : null
2023-12-29 22:24:59,807 [WARN] PackLoader:240 - Cannot read IP mode file for STMicroelectronics.X-CUBE-SFXS2LP1.4.0.0
2023-12-29 22:24:59,812 [WARN] ConditionMgr:438 - getConditionDescription Invalid condition id : UX DEVICE CLASS RTOS Condition cause : null
2023-12-29 22:24:59,812 [WARN] ConditionMgr:438 - getConditionDescription Invalid condition id : UX DEVICE CLASS RTOS Condition cause : null
2023-12-29 22:24:59,813 [WARN] PackLoader:240 - Cannot read IP mode file for STMicroelectronics.X-CUBE-AZRTOS-WB.2.0.0
2023-12-29 22:24:59,813 [WARN] ConditionMgr:1039 - genDependencies : Invalid condition id : UX DEVICE CLASS RTOS Condition cause : null
2023-12-29 22:24:59,814 [WARN] ConditionMgr:1039 - genDependencies : Invalid condition id : UX DEVICE CLASS RTOS Condition cause : null
2023-12-29 22:24:59,814 [WARN] ConditionMgr:1039 - genDependencies : Invalid condition id : UX DEVICE CLASS RTOS Condition cause : null
2023-12-29 22:24:59,814 [WARN] ConditionMgr:1039 - genDependencies : Invalid condition id : UX DEVICE CLASS RTOS Condition cause : null
2023-12-29 22:24:59,814 [WARN] ConditionMgr:1039 - genDependencies : Invalid condition id : UX DEVICE CLASS RTOS Condition cause : null
2023-12-29 22:24:59,818 [WARN] PackLoader:240 - Cannot read IP mode file for STMicroelectronics.X-CUBE-SUBG2.5.0.0
2023-12-29 22:24:59,825 [WARN] PackLoader:240 - Cannot read IP mode file for STMicroelectronics.X-CUBE-AZRTOS-G4.2.0.0
2023-12-29 22:24:59,831 [WARN] PackLoader:240 - Cannot read IP mode file for Infineon.AIROC-Wi-Fi-Bluetooth-STM32.1.5.1
2023-12-29 22:24:59,835 [WARN] PackLoader:240 - Cannot read IP mode file for STMicroelectronics.FP-SNS-MOTENVWB1.1.3.1
2023-12-29 22:24:59,837 [WARN] PackLoader:240 - Cannot read IP mode file for STMicroelectronics.X-CUBE-ISPU.2.0.0
2023-12-29 22:24:59,851 [WARN] PackLoader:240 - Cannot read IP mode file for STMicroelectronics.X-CUBE-MEMS1.10.0.0
2023-12-29 22:24:59,910 [WARN] PackLoader:240 - Cannot read IP mode file for STMicroelectronics.X-CUBE-FREERTOS.1.1.0
2023-12-29 22:24:59,913 [WARN] PackLoader:240 - Cannot read IP mode file for portGmbH.I-Cube-SoM-uGOAL.1.1.0
2023-12-29 22:24:59,916 [WARN] PackLoader:240 - Cannot read IP mode file for STMicroelectronics.X-CUBE-ALS.1.0.1
2023-12-29 22:24:59,918 [WARN] PackLoader:240 - Cannot read IP mode file for STMicroelectronics.FP-ATR-ASTRA1.2.0.0
2023-12-29 22:24:59,922 [WARN] PackLoader:240 - Cannot read IP mode file for STMicroelectronics.X-CUBE-TOF1.3.4.0
2023-12-29 22:24:59,934 [WARN] PackLoader:240 - Cannot read IP mode file for STMicroelectronics.X-CUBE-AZRTOS-H7.3.2.0
2023-12-29 22:24:59,936 [INFO] ThirdParty:978 - Integrity check success = true
2023-12-29 22:24:59,936 [INFO] IntegrityCheckThread:100 - exiting critical section [integrity check]
2023-12-29 22:24:59,936 [INFO] IntegrityCheckThread:103 - End integrity checks thread
2023-12-29 22:25:18,725 [ERROR] LogOutputStream:75 - [STDERR_REDIRECT] SLF4J: Failed to load class "org.slf4j.impl.StaticLoggerBinder".
2023-12-29 22:25:18,726 [ERROR] LogOutputStream:75 - [STDERR_REDIRECT] SLF4J: Defaulting to no-operation (NOP) logger implementation
2023-12-29 22:25:18,726 [ERROR] LogOutputStream:75 - [STDERR_REDIRECT] SLF4J: See http://www.slf4j.org/codes.html#StaticLoggerBinder for further details.
2023-12-29 22:34:16,959 [ERROR] ConfigurationRetriever:142 - IOException on connection: Read timed out
2023-12-29 22:34:18,991 [ERROR] ConfigurationRetriever:142 - IOException on connection: Read timed out
2023-12-29 22:39:55,324 [INFO] McuFinderGlobals:63 - Set McuFinder mode to 2 (CubeIDE integrated)
2023-12-29 22:39:57,184 [INFO] MainUpdater:2873 - connection check result : 10
2023-12-29 22:39:57,184 [INFO] MainUpdater:2873 - connection check result : 10
2023-12-29 22:39:57,205 [INFO] MicroXplorer:468 - Change Database Path : 
2023-12-29 22:39:57,205 [INFO] MicroXplorer:498 - Change Database Version : DB.6.0.100
2023-12-29 22:39:57,208 [WARN] ThirdParty:871 - waiting for thirdparty lock release [close project]
2023-12-29 22:39:57,208 [INFO] ThirdParty:873 - entering critical section [close project]
2023-12-29 22:39:57,209 [INFO] ThirdParty:883 - exiting critical section [close project]
2023-12-29 22:39:57,210 [INFO] PinOutPanel:1499 - setPackage(No Configuration,No Configuration)
2023-12-29 22:39:57,212 [INFO] UtilMem:75 - Begin LoadConfig() Used Memory: 328157792 Bytes (786432000)
2023-12-29 22:39:57,213 [INFO] MicroXplorer:468 - Change Database Path : 
2023-12-29 22:39:57,213 [INFO] MicroXplorer:498 - Change Database Version : DB.6.0.100
2023-12-29 22:39:57,213 [INFO] OpenFileManager:312 - Change cursor
2023-12-29 22:39:57,233 [INFO] Mcu:2016 - Initializing MCU STM32G474R(B-C-E)Tx STM32G474RETx STM32G474RET6
2023-12-29 22:39:59,205 [INFO] Context:659 - Trying to add GPIOservice into a context  which must be forbidden
2023-12-29 22:40:00,344 [INFO] RtosManager:555 - Registered RTOS mode: class=CMSIS, group=RTOS, mode=CMSIS_V1, owner=FREERTOS
2023-12-29 22:40:00,344 [INFO] RtosManager:555 - Registered RTOS mode: class=CMSIS, group=RTOS2, mode=CMSIS_V2, owner=FREERTOS
2023-12-29 22:40:00,344 [INFO] RtosManager:555 - Registered RTOS mode: class=RTOS, group=Core, mode=CMSIS_V1, owner=FREERTOS
2023-12-29 22:40:00,344 [INFO] RtosManager:555 - Registered RTOS mode: class=RTOS, group=Core, mode=CMSIS_V2, owner=FREERTOS
2023-12-29 22:40:00,344 [WARN] ModelIntegratedComponent:184 - Missing modes for component STMicroelectronics:FreeRTOS:0.0.1:STMicroelectronics:RTOS:FreeRTOS:Core:::10.2.0:
2023-12-29 22:40:00,350 [WARN] ModelIntegratedComponent:63 - No mode defined for component null
2023-12-29 22:40:00,350 [WARN] ModelIntegratedComponent:63 - No mode defined for component null
2023-12-29 22:40:00,350 [WARN] ModelIntegratedComponent:63 - No mode defined for component null
2023-12-29 22:40:00,350 [WARN] ModelIntegratedComponent:63 - No mode defined for component null
2023-12-29 22:40:00,350 [WARN] ModelIntegratedComponent:63 - No mode defined for component null
2023-12-29 22:40:00,350 [WARN] ModelIntegratedComponent:63 - No mode defined for component null
2023-12-29 22:40:00,350 [WARN] ModelIntegratedComponent:63 - No mode defined for component null
2023-12-29 22:40:00,350 [WARN] ModelIntegratedComponent:63 - No mode defined for component null
2023-12-29 22:40:00,350 [WARN] ModelIntegratedComponent:63 - No mode defined for component null
2023-12-29 22:40:00,350 [WARN] ModelIntegratedComponent:63 - No mode defined for component null
2023-12-29 22:40:00,350 [WARN] ModelIntegratedComponent:63 - No mode defined for component null
2023-12-29 22:40:00,350 [WARN] ModelIntegratedComponent:63 - No mode defined for component null
2023-12-29 22:40:00,350 [WARN] ModelIntegratedComponent:63 - No mode defined for component null
2023-12-29 22:40:00,350 [WARN] ModelIntegratedComponent:63 - No mode defined for component null
2023-12-29 22:40:00,350 [WARN] ModelIntegratedComponent:63 - No mode defined for component null
2023-12-29 22:40:00,350 [WARN] ModelIntegratedComponent:63 - No mode defined for component null
2023-12-29 22:40:00,350 [WARN] ModelIntegratedComponent:63 - No mode defined for component null
2023-12-29 22:40:00,350 [WARN] ModelIntegratedComponent:63 - No mode defined for component null
2023-12-29 22:40:00,350 [WARN] ModelIntegratedComponent:63 - No mode defined for component null
2023-12-29 22:40:00,350 [WARN] ModelIntegratedComponent:63 - No mode defined for component null
2023-12-29 22:40:00,350 [WARN] ModelIntegratedComponent:63 - No mode defined for component null
2023-12-29 22:40:00,350 [WARN] ModelIntegratedComponent:63 - No mode defined for component null
2023-12-29 22:40:00,350 [WARN] ModelIntegratedComponent:63 - No mode defined for component null
2023-12-29 22:40:00,351 [WARN] ModelIntegratedComponent:63 - No mode defined for component null
2023-12-29 22:40:00,351 [WARN] ModelIntegratedComponent:63 - No mode defined for component null
2023-12-29 22:40:00,351 [WARN] ModelIntegratedComponent:63 - No mode defined for component null
2023-12-29 22:40:00,351 [WARN] ModelIntegratedComponent:63 - No mode defined for component null
2023-12-29 22:40:00,351 [WARN] ModelIntegratedComponent:63 - No mode defined for component null
2023-12-29 22:40:00,351 [WARN] ModelIntegratedComponent:63 - No mode defined for component null
2023-12-29 22:40:00,351 [WARN] ModelIntegratedComponent:63 - No mode defined for component null
2023-12-29 22:40:00,351 [WARN] ModelIntegratedComponent:63 - No mode defined for component null
2023-12-29 22:40:00,351 [WARN] ModelIntegratedComponent:63 - No mode defined for component null
2023-12-29 22:40:00,351 [WARN] ModelIntegratedComponent:63 - No mode defined for component null
2023-12-29 22:40:00,391 [INFO] ThirdPartyModel:298 - Start build external matchings
2023-12-29 22:40:00,492 [INFO] ThirdPartyModel:316 - End build external matchings
2023-12-29 22:40:00,498 [INFO] RtosManager:919 - Current active RTOS is FREERTOS [Cortex-M4NS]
2023-12-29 22:40:00,506 [INFO] ImportTextPane:194 - (OptionalMessage_ERROR) IP (RCC) : Invalid parameter (FamilyName)
2023-12-29 22:40:00,506 [INFO] ImportTextPane:194 - (OptionalMessage_ERROR) IP (RCC) : Parameter (RNGFreq_Value) has invalid value (170000000)
2023-12-29 22:40:00,507 [INFO] ImportTextPane:194 - (OptionalMessage_ERROR) IP (RCC) : Parameter (USBFreq_Value) has invalid value (170000000)
2023-12-29 22:40:00,679 [INFO] UtilMem:75 - End LoadConfig() Used Memory: 449933936 Bytes (956301312)
2023-12-29 22:40:00,722 [INFO] ApiDb:581 - Connected to CubeFinder SQLite database (/home/antoniosalsi/.stmcufinder/plugins/mcufinder/mcu/cube-finder-db.db)
2023-12-29 22:40:00,759 [INFO] ApiDb:668 - CubeFinder database Data Model version=2.1
2023-12-29 22:40:00,759 [INFO] ApiDb:669 - CubeFinder database Configuration version=3.0.39
2023-12-29 22:40:00,760 [INFO] ApiDb:670 - CubeFinder database generation date=2023-12-08 (1702028721)
2023-12-29 22:40:00,760 [INFO] ApiDb:671 - CubeFinder database FW Pack versions=[FP-ATR-ASTRA1_V2.0.0, FP-SNS-FLIGHT1_V5.0.1, FP-SNS-FLIGHT1_V5.0.2, FP-SNS-MOTENV1_V4.3.1, FP-SNS-MOTENV1_V4.3.2, FP-SNS-MOTENVWB1_V1.3.1, FP-SNS-SMARTAG2_V1.2.0, STM32Cube_FW_C0_V1.1.0, STM32Cube_FW_F4_V1.28.0, STM32Cube_FW_F7_V1.17.0, STM32Cube_FW_G0_V1.6.1, STM32Cube_FW_G4_V1.5.1, STM32Cube_FW_H5_V0.5.1, STM32Cube_FW_H5_V1.1.1, STM32Cube_FW_H5_V1.2.0RC2, STM32Cube_FW_H7_V1.11.0, STM32Cube_FW_L0_V1.12.2, STM32Cube_FW_L5_V1.5.0, STM32Cube_FW_U5_V1.3.0RC4, STM32Cube_FW_U5_V1.4.0, STM32Cube_FW_WBA_V1.0.0RC1, STM32Cube_FW_WBA_V1.1.0RC1, STM32Cube_FW_WBA_V1.2.0, STM32Cube_FW_WBA_V1.2.0RC2, STM32Cube_FW_WB_V1.15.0RC1, STM32Cube_FW_WB_V1.16.0, STM32Cube_FW_WB_V1.16.0RC2, STM32Cube_FW_WB_V1.18.0, STM32Cube_FW_WL_V1.3.0, X-CUBE-ALGOBUILD_V1.3.0, X-CUBE-ALS_V1.0.1, X-CUBE-AZRTOS-F4_V1.1.0, X-CUBE-AZRTOS-F7_V1.1.0, X-CUBE-AZRTOS-G0_V1.1.0, X-CUBE-AZRTOS-G4_V2.0.0, X-CUBE-AZRTOS-H7_V3.1.0, X-CUBE-AZRTOS-L4_V1.0.0, X-CUBE-AZRTOS-L4_V2.0.0, X-CUBE-AZRTOS-L5_V1.1.0, X-CUBE-AZRTOS-WB_V2.0.0, X-CUBE-AZRTOS-WL_V2.0.0, X-CUBE-BLE1_V7.0.0, X-CUBE-BLE2_V3.3.0, X-CUBE-BLEMGR_V3.0.0, X-CUBE-EEPRMA1_V4.1.0, X-CUBE-EEPRMA1_V4.2.0, X-CUBE-FREERTOS_V1.1.0, X-CUBE-GNSS1_V6.0.0, X-CUBE-MEMS1_V10.0.0, X-CUBE-MEMS1_V9.1.0, X-CUBE-MEMS1_V9.4.0, X-CUBE-MEMS1_V9.6.0, X-CUBE-NFC4_V3.0.0, X-CUBE-NFC7_V1.0.1, X-CUBE-SFXS2LP1_V4.0.0, X-CUBE-SUBG2_V5.0.0, X-CUBE-TOF1_V3.4.0]
2023-12-29 22:40:02,025 [INFO] ApiDb:240 - Found 371 in-development CPN: [B-G473E-ZEST1S, B-WB1M-WPAN1, B-WL5M-SUBG1, NUCLEO-C031C6, NUCLEO-H503RB, NUCLEO-H563ZI, NUCLEO-U545RE-Q, NUCLEO-U5A5ZJ-Q, NUCLEO-WBA52CG, NUCLEO-WBA55CG, STEVAL-MKBOXPRO, STEVAL-PROTEUS1, STEVAL-STWINBX1, STM320518-EVAL, STM32C0116-DK, STM32C011D6Y3TR, STM32C011D6Y6TR, STM32C011F4P3, STM32C011F4P6, STM32C011F4U3, STM32C011F4U6TR, STM32C011F6P3, STM32C011F6P6, STM32C011F6U3, STM32C011F6U6TR, STM32C011J4M3, STM32C011J4M6, STM32C011J6M3, STM32C011J6M6, STM32C0316-DK, STM32C031C4T3, STM32C031C4T6, STM32C031C4U3, STM32C031C4U6, STM32C031C6T3, STM32C031C6T6, STM32C031C6U3, STM32C031C6U6, STM32C031F4P3, STM32C031F4P6, STM32C031F6P3, STM32C031F6P6, STM32C031G4U3, STM32C031G4U6, STM32C031G6U3, STM32C031G6U6, STM32C031K4T3, STM32C031K4T6, STM32C031K4U3, STM32C031K4U6, STM32C031K6T3, STM32C031K6T6, STM32C031K6U3, STM32C031K6U6, STM32G071K8TXN, STM32G071K8UXN, STM32G081GBU6N, STM32G081KBT6N, STM32G081KBUXN, STM32G0B1CCT6N, STM32G0B1KCT6, STM32G0B1NEY6TR, STM32G0B1RCT6N, STM32G0C1CCT6, STM32G0C1CCT6N, STM32G0C1CCU6N, STM32G0C1CET6N, STM32G0C1CEU6N, STM32G0C1KCT6, STM32G0C1NEY6TR, STM32G0C1RCI6N, STM32G0C1RCT6N, STM32G0C1REI6N, STM32G0C1RET6N, STM32G0C1VCI6, STM32G0C1VEI6, STM32G471CCT6, STM32G471CCU6, STM32G471CET3, STM32G471CET6, STM32G471CEU3, STM32G471CEU6, STM32G471MCT6, STM32G471MET3, STM32G471MET6, STM32G471MEY6TR, STM32G471QCT6, STM32G471QET3, STM32G471RCT6, STM32G471RET3, STM32G471RET6, STM32G471VCH6, STM32G471VCI6, STM32G471VCT6, STM32G471VEH3, STM32G471VEH6, STM32G471VEI3, STM32G471VEI6, STM32G471VET3, STM32G471VET6, STM32G474CCT6, STM32H503CBT6, STM32H503CBU6, STM32H503EBY6TR, STM32H503KBU6, STM32H503RBT6, STM32H562AGI6, STM32H562AII6, STM32H562IGK6, STM32H562IGT6, STM32H562IIK6, STM32H562IIT6, STM32H562RGT6, STM32H562RGV6, STM32H562RIT6, STM32H562RIV6, STM32H562VGT6, STM32H562VIT6, STM32H562ZGT6, STM32H562ZIT6, STM32H563AGI6, STM32H563AII3Q, STM32H563AII6, STM32H563IGK6, STM32H563IGT6, STM32H563IIK3Q, STM32H563IIK6, STM32H563IIT3Q, STM32H563IIT6, STM32H563MIY3QTR, STM32H563RGT6, STM32H563RGV6, STM32H563RIT6, STM32H563RIV6, STM32H563VGT6, STM32H563VIT3Q, STM32H563VIT6, STM32H563ZGT6, STM32H563ZIT3Q, STM32H563ZIT6, STM32H573AII3Q, STM32H573AII6, STM32H573I-DK, STM32H573IIK3Q, STM32H573IIK6, STM32H573IIT3Q, STM32H573IIT6, STM32H573MIY3QTR, STM32H573RIT6, STM32H573RIV6, STM32H573VIT3Q, STM32H573VIT6, STM32H573ZIT3Q, STM32H573ZIT6, STM32L4R5QGI6STR, STM32MP131AAE3, STM32MP131AAF3, STM32MP131AAG3, STM32MP131CAE3, STM32MP131CAF3, STM32MP131CAG3, STM32MP131DAE7, STM32MP131DAF7, STM32MP131DAG7, STM32MP131FAE7, STM32MP131FAF7, STM32MP131FAG7, STM32MP133AAE3, STM32MP133AAF3, STM32MP133AAG3, STM32MP133CAE3, STM32MP133CAF3, STM32MP133CAG3, STM32MP133DAE7, STM32MP133DAF7, STM32MP133DAG7, STM32MP133FAE7, STM32MP133FAF7, STM32MP133FAG7, STM32MP135AAE3, STM32MP135AAF3, STM32MP135AAG3, STM32MP135CAE3, STM32MP135CAF3, STM32MP135CAG3, STM32MP135DAE7, STM32MP135DAF7, STM32MP135DAG7, STM32MP135F-DK, STM32MP135FAE7, STM32MP135FAF7, STM32MP135FAF7T, STM32MP135FAF7U, STM32MP135FAG7, STM32U535CBT6, STM32U535CBT6Q, STM32U535CBU6, STM32U535CBU6Q, STM32U535CCT6, STM32U535CCT6Q, STM32U535CCU6, STM32U535CCU6Q, STM32U535CET6, STM32U535CET6Q, STM32U535CEU6, STM32U535CEU6Q, STM32U535JEY6QTR, STM32U535NCY6QTR, STM32U535NEY6QTR, STM32U535RBI6, STM32U535RBI6Q, STM32U535RBT6, STM32U535RBT6Q, STM32U535RCI6, STM32U535RCI6Q, STM32U535RCT6, STM32U535RCT6Q, STM32U535REI6, STM32U535REI6Q, STM32U535RET6, STM32U535RET6Q, STM32U535VCI6, STM32U535VCI6Q, STM32U535VCT6, STM32U535VCT6Q, STM32U535VEI6, STM32U535VEI6Q, STM32U535VET6, STM32U535VET6Q, STM32U545CET6, STM32U545CET6Q, STM32U545CEU6, STM32U545CEU6Q, STM32U545JEY6QTR, STM32U545NEY6QTR, STM32U545REI6, STM32U545REI6Q, STM32U545RET6, STM32U545RET6Q, STM32U545VEI6, STM32U545VEI6Q, STM32U545VET6, STM32U545VET6Q, STM32U595AIH6, STM32U595AIH6Q, STM32U595AJH6, STM32U595AJH6Q, STM32U595QII6, STM32U595QII6Q, STM32U595QJI6, STM32U595QJI6Q, STM32U595RIT6, STM32U595RIT6Q, STM32U595RJT6, STM32U595RJT6Q, STM32U595VIT6, STM32U595VIT6Q, STM32U595VJT6, STM32U595VJT6Q, STM32U595ZIT6, STM32U595ZIT6Q, STM32U595ZIY6QTR, STM32U595ZJT6, STM32U595ZJT6Q, STM32U595ZJY6QTR, STM32U599BJY6QTR, STM32U599NIH6Q, STM32U599NJH6Q, STM32U599VIT6Q, STM32U599VJT6, STM32U599VJT6Q, STM32U599ZIT6Q, STM32U599ZIY6QTR, STM32U599ZJT6Q, STM32U599ZJY6QTR, STM32U5A5AJH6, STM32U5A5AJH6Q, STM32U5A5QJI6, STM32U5A5QJI6Q, STM32U5A5RJT6, STM32U5A5RJT6Q, STM32U5A5VJT6, STM32U5A5VJT6Q, STM32U5A5ZJT6, STM32U5A5ZJT6Q, STM32U5A5ZJY6QTR, STM32U5A9BJY6QTR, STM32U5A9J-DK, STM32U5A9NJH6Q, STM32U5A9VJT6Q, STM32U5A9ZJT6Q, STM32U5A9ZJY6QTR, STM32U5F7VIT6, STM32U5F7VIT6Q, STM32U5F7VJT6, STM32U5F7VJT6Q, STM32U5F9BJY6QTR, STM32U5F9NJH6Q, STM32U5F9VIT6Q, STM32U5F9VJT6Q, STM32U5F9ZIJ6QTR, STM32U5F9ZIT6Q, STM32U5F9ZJJ6QTR, STM32U5F9ZJT6Q, STM32U5G7VJT6, STM32U5G7VJT6Q, STM32U5G9BJY6QTR, STM32U5G9J-DK1, STM32U5G9J-DK2, STM32U5G9NJH6Q, STM32U5G9VJT6Q, STM32U5G9ZJJ6QTR, STM32U5G9ZJT6Q, STM32WB1MMCH6, STM32WBA50KEU6, STM32WBA50KEU6TR, STM32WBA50KGU6, STM32WBA50KGU6TR, STM32WBA52CEU6, STM32WBA52CEU6TR, STM32WBA52CEU7, STM32WBA52CEU7TR, STM32WBA52CGU6, STM32WBA52CGU6TR, STM32WBA52CGU6U, STM32WBA52CGU7, STM32WBA52CGU7TR, STM32WBA52KEU6, STM32WBA52KEU6TR, STM32WBA52KGU6, STM32WBA52KGU6TR, STM32WBA54CEU6, STM32WBA54CEU6TR, STM32WBA54CEU7, STM32WBA54CEU7TR, STM32WBA54CGU6, STM32WBA54CGU6TR, STM32WBA54CGU7, STM32WBA54CGU7TR, STM32WBA54KEU6, STM32WBA54KEU6TR, STM32WBA54KEU7, STM32WBA54KEU7TR, STM32WBA54KGU6, STM32WBA54KGU6TR, STM32WBA54KGU7, STM32WBA54KGU7TR, STM32WBA55CEU6, STM32WBA55CEU6TR, STM32WBA55CEU7, STM32WBA55CEU7TR, STM32WBA55CGU6, STM32WBA55CGU6TR, STM32WBA55CGU6U, STM32WBA55CGU7, STM32WBA55CGU7TR, STM32WBA55G-DK1, STM32WBA55HEF6, STM32WBA55HEF7, STM32WBA55HGF6, STM32WBA55HGF7, STM32WBA55UEI6, STM32WBA55UEI6TR, STM32WBA55UEI7, STM32WBA55UEI7TR, STM32WBA55UGI6, STM32WBA55UGI6TR, STM32WBA55UGI7, STM32WBA55UGI7TR, STM32WL5MOCH6, STM32WL5MOCH6TR]
2023-12-29 22:40:02,028 [INFO] DbMcus:218 - Found 3930 MCUs, 3930 are supported
2023-12-29 22:40:02,028 [INFO] ApiDb:423 - Load user favorites file /home/antoniosalsi/.stm32cubeide/favorites.mcus.txt: 0 item(s)
2023-12-29 22:40:02,028 [INFO] ApiDb:427 - User favorites MCUs=[]
2023-12-29 22:40:02,028 [INFO] DbMcus:224 - Set 0 / 0 favorites MCUs
2023-12-29 22:40:02,228 [INFO] MicroXplorer:468 - Change Database Path : 
2023-12-29 22:40:02,228 [INFO] MicroXplorer:498 - Change Database Version : DB.6.0.100
2023-12-29 22:40:02,228 [WARN] ThirdParty:833 - waiting for thirdparty lock release [change project]
2023-12-29 22:40:02,228 [INFO] ThirdParty:835 - entering critical section [change project]
2023-12-29 22:40:02,229 [INFO] ThirdParty:1030 - CMSIS Pack Vendor :STMicroelectronics USBPD 4.1
2023-12-29 22:40:02,229 [INFO] ThirdParty:1030 - CMSIS Pack Vendor :STMicroelectronics X-CUBE-GNSS1 6.0.0
2023-12-29 22:40:02,229 [INFO] ThirdParty:1030 - CMSIS Pack Vendor :STMicroelectronics USB_HOST 2.0.0
2023-12-29 22:40:02,229 [INFO] ThirdParty:1030 - CMSIS Pack Vendor :STMicroelectronics X-CUBE-AZRTOS-F4 1.1.0
2023-12-29 22:40:02,229 [INFO] ThirdParty:1030 - CMSIS Pack Vendor :STMicroelectronics LIBJPEG 8.0.0
2023-12-29 22:40:02,229 [INFO] ThirdParty:1030 - CMSIS Pack Vendor :wolfSSL I-CUBE-wolfSSL 5.6.4
2023-12-29 22:40:02,229 [INFO] ThirdParty:1030 - CMSIS Pack Vendor :STMicroelectronics X-CUBE-SMBUS 2.1.0
2023-12-29 22:40:02,229 [INFO] ThirdParty:1030 - CMSIS Pack Vendor :STMicroelectronics USB_DEVICE 3.0.0
2023-12-29 22:40:02,229 [INFO] ThirdParty:1030 - CMSIS Pack Vendor :STMicroelectronics X-CUBE-AZRTOS-WB 2.0.0
2023-12-29 22:40:02,229 [INFO] ThirdParty:1030 - CMSIS Pack Vendor :STMicroelectronics X-CUBE-TOUCHGFX 4.23.0
2023-12-29 22:40:02,229 [INFO] ThirdParty:1030 - CMSIS Pack Vendor :STMicroelectronics X-CUBE-AZRTOS-F7 1.1.0
2023-12-29 22:40:02,229 [INFO] ThirdParty:1030 - CMSIS Pack Vendor :STMicroelectronics X-CUBE-AZRTOS-L5 2.0.0
2023-12-29 22:40:02,229 [INFO] ThirdParty:1030 - CMSIS Pack Vendor :STMicroelectronics USB_DEVICE 2.0.0
2023-12-29 22:40:02,229 [INFO] ThirdParty:1030 - CMSIS Pack Vendor :STMicroelectronics X-CUBE-EEPRMA1 4.2.0
2023-12-29 22:40:02,229 [INFO] ThirdParty:1030 - CMSIS Pack Vendor :ITTIA_DB I-CUBE-ITTIADB 8.8.0
2023-12-29 22:40:02,229 [INFO] ThirdParty:1030 - CMSIS Pack Vendor :STMicroelectronics FP-SNS-MOTENV1 4.3.2
2023-12-29 22:40:02,229 [INFO] ThirdParty:1030 - CMSIS Pack Vendor :STMicroelectronics X-CUBE-ALGOBUILD 1.3.0
2023-12-29 22:40:02,229 [INFO] ThirdParty:1030 - CMSIS Pack Vendor :STMicroelectronics FreeRTOS 0.0.1
2023-12-29 22:40:02,229 [INFO] ThirdParty:1030 - CMSIS Pack Vendor :STMicroelectronics X-CUBE-AZRTOS-G0 1.1.0
2023-12-29 22:40:02,229 [INFO] ThirdParty:1030 - CMSIS Pack Vendor :STMicroelectronics X-CUBE-NFC4 3.0.0
2023-12-29 22:40:02,229 [INFO] ThirdParty:1030 - CMSIS Pack Vendor :STMicroelectronics X-CUBE-SUBG2 5.0.0
2023-12-29 22:40:02,229 [INFO] ThirdParty:1030 - CMSIS Pack Vendor :STMicroelectronics STM32_WPAN 1.0.0
2023-12-29 22:40:02,229 [INFO] ThirdParty:1030 - CMSIS Pack Vendor :STMicroelectronics lwIP 2.0.3
2023-12-29 22:40:02,229 [INFO] ThirdParty:1030 - CMSIS Pack Vendor :STMicroelectronics FP-SNS-FLIGHT1 5.0.2
2023-12-29 22:40:02,229 [INFO] ThirdParty:1030 - CMSIS Pack Vendor :STMicroelectronics USB_HOST 1.0.0
2023-12-29 22:40:02,229 [INFO] ThirdParty:1030 - CMSIS Pack Vendor :STMicroelectronics X-CUBE-AZRTOS-G4 2.0.0
2023-12-29 22:40:02,229 [INFO] ThirdParty:1030 - CMSIS Pack Vendor :STMicroelectronics PDM2PCM 3.1.0
2023-12-29 22:40:02,229 [INFO] ThirdParty:1030 - CMSIS Pack Vendor :Infineon AIROC-Wi-Fi-Bluetooth-STM32 1.5.1
2023-12-29 22:40:02,229 [INFO] ThirdParty:1030 - CMSIS Pack Vendor :STMicroelectronics X-CUBE-BLEMGR 3.0.0
2023-12-29 22:40:02,229 [INFO] ThirdParty:1030 - CMSIS Pack Vendor :STMicroelectronics PDM2PCM 3.3.0
2023-12-29 22:40:02,229 [INFO] ThirdParty:1030 - CMSIS Pack Vendor :STMicroelectronics X-CUBE-DISPLAY 3.0.0
2023-12-29 22:40:02,229 [INFO] ThirdParty:1030 - CMSIS Pack Vendor :STMicroelectronics FP-SNS-MOTENVWB1 1.3.1
2023-12-29 22:40:02,229 [INFO] ThirdParty:1030 - CMSIS Pack Vendor :STMicroelectronics X-CUBE-BLE1 7.0.0
2023-12-29 22:40:02,229 [INFO] ThirdParty:1030 - CMSIS Pack Vendor :STMicroelectronics FP-ATR-SIGFOX1 3.2.0
2023-12-29 22:40:02,229 [INFO] ThirdParty:1030 - CMSIS Pack Vendor :STMicroelectronics X-CUBE-ISPU 2.0.0
2023-12-29 22:40:02,229 [INFO] ThirdParty:1030 - CMSIS Pack Vendor :STMicroelectronics HAL Drivers 0.0.0
2023-12-29 22:40:02,229 [INFO] ThirdParty:1030 - CMSIS Pack Vendor :STMicroelectronics MBEDTLS 2.16.2
2023-12-29 22:40:02,229 [INFO] ThirdParty:1030 - CMSIS Pack Vendor :emotas I-CUBE-CANOPEN 1.3.0
2023-12-29 22:40:02,229 [INFO] ThirdParty:1030 - CMSIS Pack Vendor :STMicroelectronics X-CUBE-MEMS1 10.0.0
2023-12-29 22:40:02,229 [INFO] ThirdParty:1030 - CMSIS Pack Vendor :STMicroelectronics X-CUBE-FREERTOS 1.1.0
2023-12-29 22:40:02,229 [INFO] ThirdParty:1030 - CMSIS Pack Vendor :STMicroelectronics X-CUBE-NFC7 1.0.1
2023-12-29 22:40:02,229 [INFO] ThirdParty:1030 - CMSIS Pack Vendor :STMicroelectronics MBEDTLS 2.14.1
2023-12-29 22:40:02,229 [INFO] ThirdParty:1030 - CMSIS Pack Vendor :STMicroelectronics X-CUBE-NFC6 3.0.0
2023-12-29 22:40:02,229 [INFO] ThirdParty:1030 - CMSIS Pack Vendor :portGmbH I-Cube-SoM-uGOAL 1.1.0
2023-12-29 22:40:02,229 [INFO] ThirdParty:1030 - CMSIS Pack Vendor :STMicroelectronics X-CUBE-ALS 1.0.1
2023-12-29 22:40:02,229 [INFO] ThirdParty:1030 - CMSIS Pack Vendor :STMicroelectronics ThreadX 1.0.0
2023-12-29 22:40:02,229 [INFO] ThirdParty:1030 - CMSIS Pack Vendor :STMicroelectronics FP-SNS-SMARTAG2 1.2.0
2023-12-29 22:40:02,229 [INFO] ThirdParty:1030 - CMSIS Pack Vendor :STMicroelectronics X-CUBE-AZRTOS-WL 2.0.0
2023-12-29 22:40:02,229 [INFO] ThirdParty:1030 - CMSIS Pack Vendor :STMicroelectronics USB_DEVICE 1.0.0
2023-12-29 22:40:02,229 [INFO] ThirdParty:1030 - CMSIS Pack Vendor :STMicroelectronics X-CUBE-AI 8.1.0
2023-12-29 22:40:02,229 [INFO] ThirdParty:1030 - CMSIS Pack Vendor :STMicroelectronics X-CUBE-AZRTOS-L4 2.0.0
2023-12-29 22:40:02,229 [INFO] ThirdParty:1030 - CMSIS Pack Vendor :STMicroelectronics ThreadX 0.0.2
2023-12-29 22:40:02,229 [INFO] ThirdParty:1030 - CMSIS Pack Vendor :WES I-CUBE-Cesium 1.3.0
2023-12-29 22:40:02,229 [INFO] ThirdParty:1030 - CMSIS Pack Vendor :STMicroelectronics FP-ATR-ASTRA1 2.0.0
2023-12-29 22:40:02,229 [INFO] ThirdParty:1030 - CMSIS Pack Vendor :STMicroelectronics lwIP 2.1.2
2023-12-29 22:40:02,229 [INFO] ThirdParty:1030 - CMSIS Pack Vendor :STMicroelectronics X-CUBE-SFXS2LP1 4.0.0
2023-12-29 22:40:02,229 [INFO] ThirdParty:1030 - CMSIS Pack Vendor :STMicroelectronics X-CUBE-BLE2 3.3.0
2023-12-29 22:40:02,229 [INFO] ThirdParty:1030 - CMSIS Pack Vendor :STMicroelectronics X-CUBE-TOF1 3.4.0
2023-12-29 22:40:02,229 [INFO] ThirdParty:1030 - CMSIS Pack Vendor :STMicroelectronics X-CUBE-AZRTOS-H7 3.2.0
2023-12-29 22:40:02,229 [INFO] ThirdParty:1030 - CMSIS Pack Vendor :STMicroelectronics PDM2PCM 3.2.0
2023-12-29 22:40:02,230 [INFO] ThirdParty:841 - exiting critical section [change project]
2023-12-29 22:40:02,450 [INFO] PinOutPanel:1499 - setPackage(No Configuration,No Configuration)
2023-12-29 22:40:02,451 [INFO] PinOutPanel:1499 - setPackage(STM32G474RETx,LQFP64)
2023-12-29 22:40:02,760 [INFO] UtilMem:75 - Before build in PCC Used Memory: 354000896 Bytes (956301312)
2023-12-29 22:40:03,202 [INFO] UtilMem:75 - After build in PCC Used Memory: 568436736 Bytes (956301312)
2023-12-29 22:40:03,236 [INFO] ApiDbMcu:508 - Load IP Config File for FREERTOS
2023-12-29 22:40:03,256 [INFO] IPUIPlugin:80 - create IPUIPlugin
2023-12-29 22:40:03,256 [INFO] IPUIPlugin:80 - create IPUIPlugin
2023-12-29 22:40:03,256 [INFO] IPUIPlugin:80 - create IPUIPlugin
2023-12-29 22:40:03,256 [INFO] IPUIPlugin:80 - create IPUIPlugin
2023-12-29 22:40:03,256 [INFO] IPUIPlugin:80 - create IPUIPlugin
2023-12-29 22:40:03,256 [INFO] IPUIPlugin:80 - create IPUIPlugin
2023-12-29 22:40:03,256 [INFO] IPUIPlugin:80 - create IPUIPlugin
2023-12-29 22:40:03,256 [INFO] IPUIPlugin:80 - create IPUIPlugin
2023-12-29 22:40:03,256 [INFO] IPUIPlugin:80 - create IPUIPlugin
2023-12-29 22:40:03,256 [INFO] IPUIPlugin:80 - create IPUIPlugin
2023-12-29 22:40:03,256 [INFO] IPUIPlugin:80 - create IPUIPlugin
2023-12-29 22:40:03,256 [INFO] IPUIPlugin:80 - create IPUIPlugin
2023-12-29 22:40:03,257 [INFO] IPUIPlugin:80 - create IPUIPlugin
2023-12-29 22:40:03,257 [INFO] IPUIPlugin:80 - create IPUIPlugin
2023-12-29 22:40:03,257 [INFO] IPUIPlugin:80 - create IPUIPlugin
2023-12-29 22:40:03,257 [INFO] IPUIPlugin:80 - create IPUIPlugin
2023-12-29 22:40:03,257 [INFO] IPUIPlugin:80 - create IPUIPlugin
2023-12-29 22:40:03,257 [INFO] IPUIPlugin:80 - create IPUIPlugin
2023-12-29 22:40:03,257 [INFO] IPUIPlugin:80 - create IPUIPlugin
2023-12-29 22:40:03,257 [INFO] IPUIPlugin:80 - create IPUIPlugin
2023-12-29 22:40:03,257 [INFO] IPUIPlugin:80 - create IPUIPlugin
2023-12-29 22:40:03,257 [INFO] IPUIPlugin:80 - create IPUIPlugin
2023-12-29 22:40:03,257 [INFO] IPUIPlugin:80 - create IPUIPlugin
2023-12-29 22:40:03,257 [INFO] IPUIPlugin:80 - create IPUIPlugin
2023-12-29 22:40:03,257 [INFO] IPUIPlugin:80 - create IPUIPlugin
2023-12-29 22:40:03,258 [INFO] IPUIPlugin:80 - create IPUIPlugin
2023-12-29 22:40:03,258 [INFO] IPUIPlugin:80 - create IPUIPlugin
2023-12-29 22:40:03,258 [INFO] IPUIPlugin:80 - create IPUIPlugin
2023-12-29 22:40:03,258 [INFO] IPUIPlugin:80 - create IPUIPlugin
2023-12-29 22:40:03,258 [INFO] IPUIPlugin:80 - create IPUIPlugin
2023-12-29 22:40:03,258 [INFO] IPUIPlugin:80 - create IPUIPlugin
2023-12-29 22:40:03,258 [INFO] IPUIPlugin:80 - create IPUIPlugin
2023-12-29 22:40:03,258 [INFO] IPUIPlugin:80 - create IPUIPlugin
2023-12-29 22:40:03,258 [INFO] IPUIPlugin:80 - create IPUIPlugin
2023-12-29 22:40:03,258 [INFO] IPUIPlugin:80 - create IPUIPlugin
2023-12-29 22:40:03,258 [INFO] IPUIPlugin:80 - create IPUIPlugin
2023-12-29 22:40:03,258 [INFO] IPUIPlugin:80 - create IPUIPlugin
2023-12-29 22:40:03,258 [INFO] IPUIPlugin:80 - create IPUIPlugin
2023-12-29 22:40:03,259 [INFO] IPUIPlugin:80 - create IPUIPlugin
2023-12-29 22:40:03,259 [INFO] IPUIPlugin:80 - create IPUIPlugin
2023-12-29 22:40:03,259 [INFO] IPUIPlugin:80 - create IPUIPlugin
2023-12-29 22:40:03,259 [INFO] IPUIPlugin:80 - create IPUIPlugin
2023-12-29 22:40:03,259 [INFO] IPUIPlugin:80 - create IPUIPlugin
2023-12-29 22:40:03,259 [INFO] IPUIPlugin:80 - create IPUIPlugin
2023-12-29 22:40:03,259 [INFO] IPUIPlugin:80 - create IPUIPlugin
2023-12-29 22:40:03,259 [INFO] IPUIPlugin:80 - create IPUIPlugin
2023-12-29 22:40:03,259 [INFO] IPUIPlugin:80 - create IPUIPlugin
2023-12-29 22:40:03,259 [INFO] IPUIPlugin:80 - create IPUIPlugin
2023-12-29 22:40:03,260 [INFO] IPUIPlugin:80 - create IPUIPlugin
2023-12-29 22:40:03,260 [INFO] IPUIPlugin:80 - create IPUIPlugin
2023-12-29 22:40:03,260 [INFO] IPUIPlugin:80 - create IPUIPlugin
2023-12-29 22:40:03,260 [INFO] IPUIPlugin:80 - create IPUIPlugin
2023-12-29 22:40:03,260 [INFO] IPUIPlugin:80 - create IPUIPlugin
2023-12-29 22:40:03,260 [INFO] IPUIPlugin:80 - create IPUIPlugin
2023-12-29 22:40:03,260 [INFO] IPUIPlugin:80 - create IPUIPlugin
2023-12-29 22:40:03,260 [INFO] IPUIPlugin:80 - create IPUIPlugin
2023-12-29 22:40:03,261 [INFO] IPUIPlugin:80 - create IPUIPlugin
2023-12-29 22:40:03,261 [INFO] IPUIPlugin:80 - create IPUIPlugin
2023-12-29 22:40:03,261 [INFO] IPUIPlugin:80 - create IPUIPlugin
2023-12-29 22:40:03,261 [INFO] IPUIPlugin:80 - create IPUIPlugin
2023-12-29 22:40:03,261 [INFO] IPUIPlugin:80 - create IPUIPlugin
2023-12-29 22:40:03,261 [INFO] IPUIPlugin:80 - create IPUIPlugin
2023-12-29 22:40:03,261 [INFO] IPUIPlugin:80 - create IPUIPlugin
2023-12-29 22:40:03,261 [INFO] IPUIPlugin:80 - create IPUIPlugin
2023-12-29 22:40:03,261 [INFO] IPUIPlugin:80 - create IPUIPlugin
2023-12-29 22:40:03,261 [INFO] IPUIPlugin:80 - create IPUIPlugin
2023-12-29 22:40:03,262 [INFO] IPUIPlugin:80 - create IPUIPlugin
2023-12-29 22:40:03,262 [INFO] IPUIPlugin:80 - create IPUIPlugin
2023-12-29 22:40:03,262 [INFO] IPUIPlugin:80 - create IPUIPlugin
2023-12-29 22:40:03,262 [INFO] IPUIPlugin:80 - create IPUIPlugin
2023-12-29 22:40:03,262 [INFO] IPUIPlugin:80 - create IPUIPlugin
2023-12-29 22:40:03,262 [INFO] IPUIPlugin:80 - create IPUIPlugin
2023-12-29 22:40:03,263 [INFO] IPUIPlugin:80 - create IPUIPlugin
2023-12-29 22:40:03,263 [INFO] IPUIPlugin:80 - create IPUIPlugin
2023-12-29 22:40:03,263 [INFO] IPUIPlugin:80 - create IPUIPlugin
2023-12-29 22:40:03,263 [INFO] IPUIPlugin:80 - create IPUIPlugin
2023-12-29 22:40:03,263 [INFO] IPUIPlugin:80 - create IPUIPlugin
2023-12-29 22:40:03,284 [WARN] FreeRTOS:1023 - Null or empty value: should not occur! (nothing added to the table)
2023-12-29 22:40:03,352 [INFO] CADModel:165 - CPN selected for project levelSTM32G474RET6
2023-12-29 22:40:03,352 [INFO] CADModel:114 - Register for checkConnection events
2023-12-29 22:40:03,354 [INFO] RtosManager:697 - Active RTOS found at IOC load: FREERTOS [Cortex-M4NS]
2023-12-29 22:40:03,413 [INFO] OpenFileManager:343 - Restore cursor
2023-12-29 22:40:13,775 [ERROR] RtosPanel:558 - Can not restore the selected Tab for FREERTOS(A reason can be that the tab is no more available.)
2023-12-29 22:40:32,631 [INFO] UtilMem:75 - End SaveConfig() Used Memory: 290965280 Bytes (956301312)
2023-12-29 22:40:34,300 [INFO] UtilMem:75 - End SaveConfig() Used Memory: 332498296 Bytes (956301312)
2023-12-29 22:40:35,328 [INFO] UtilMem:75 - End SaveConfig() Used Memory: 395935096 Bytes (956301312)
2023-12-29 22:40:35,568 [INFO] BlockDiagram:2759 - set Specific Code input for plugin: FREERTOS
2023-12-29 22:40:35,568 [INFO] BlockDiagram:2759 - set Specific Code input for plugin: SYS
2023-12-29 22:40:35,568 [INFO] BlockDiagram:2759 - set Specific Code input for plugin: RCC
2023-12-29 22:40:35,568 [INFO] BlockDiagram:2759 - set Specific Code input for plugin: LPUART
2023-12-29 22:40:35,568 [INFO] BlockDiagram:2759 - set Specific Code input for plugin: NVIC
2023-12-29 22:40:35,569 [INFO] BlockDiagram:2759 - set Specific Code input for plugin: GPIO
2023-12-29 22:40:35,569 [INFO] CodeGenerator:807 - code generatio: config db path: /home/antoniosalsi/.local/lib/stm32cubeide/plugins/com.st.stm32cube.common.mx_6.10.0.202311202037//db/
2023-12-29 22:40:35,753 [INFO] CodeEngine:255 - oldGeneratedFile, /home/antoniosalsi/projects/hi-happy-garden-app/stm32cubeide-workspace/stm32cubeide/MXTmpFiles/license.tmp_save
2023-12-29 22:40:35,942 [INFO] CodeEngine:279 - Generated code: /home/antoniosalsi/projects/hi-happy-garden-app/stm32cubeide-workspace/stm32cubeide/MXTmpFiles/license.tmp
2023-12-29 22:40:35,973 [INFO] CodeEngine:255 - oldGeneratedFile, /home/antoniosalsi/projects/hi-happy-garden-app/stm32cubeide-workspace/stm32cubeide/MXTmpFiles/gpio.tmp_save
2023-12-29 22:40:36,049 [INFO] CodeEngine:279 - Generated code: /home/antoniosalsi/projects/hi-happy-garden-app/stm32cubeide-workspace/stm32cubeide/MXTmpFiles/gpio.tmp
2023-12-29 22:40:36,160 [INFO] Middleware:1439 - No code input for Bsp Dependency
2023-12-29 22:40:36,165 [INFO] CodeEngine:255 - oldGeneratedFile, /home/antoniosalsi/projects/hi-happy-garden-app/stm32cubeide-workspace/stm32cubeide/MXTmpFiles/rtos_inc.tmp_save
2023-12-29 22:40:36,218 [INFO] CodeEngine:279 - Generated code: /home/antoniosalsi/projects/hi-happy-garden-app/stm32cubeide-workspace/stm32cubeide/MXTmpFiles/rtos_inc.tmp
2023-12-29 22:40:36,218 [INFO] CodeEngine:255 - oldGeneratedFile, /home/antoniosalsi/projects/hi-happy-garden-app/stm32cubeide-workspace/stm32cubeide/MXTmpFiles/rtos_kernelInit.tmp_save
2023-12-29 22:40:36,256 [INFO] CodeEngine:279 - Generated code: /home/antoniosalsi/projects/hi-happy-garden-app/stm32cubeide-workspace/stm32cubeide/MXTmpFiles/rtos_kernelInit.tmp
2023-12-29 22:40:36,257 [INFO] CodeEngine:255 - oldGeneratedFile, /home/antoniosalsi/projects/hi-happy-garden-app/stm32cubeide-workspace/stm32cubeide/MXTmpFiles/rtos_kernelStart.tmp_save
2023-12-29 22:40:36,293 [INFO] CodeEngine:279 - Generated code: /home/antoniosalsi/projects/hi-happy-garden-app/stm32cubeide-workspace/stm32cubeide/MXTmpFiles/rtos_kernelStart.tmp
2023-12-29 22:40:36,294 [INFO] CodeEngine:255 - oldGeneratedFile, /home/antoniosalsi/projects/hi-happy-garden-app/stm32cubeide-workspace/stm32cubeide/MXTmpFiles/rtos_typedefs.tmp_save
2023-12-29 22:40:36,332 [INFO] CodeEngine:279 - Generated code: /home/antoniosalsi/projects/hi-happy-garden-app/stm32cubeide-workspace/stm32cubeide/MXTmpFiles/rtos_typedefs.tmp
2023-12-29 22:40:36,333 [INFO] CodeEngine:255 - oldGeneratedFile, /home/antoniosalsi/projects/hi-happy-garden-app/stm32cubeide-workspace/stm32cubeide/MXTmpFiles/rtos_vars.tmp_save
2023-12-29 22:40:36,375 [INFO] CodeEngine:279 - Generated code: /home/antoniosalsi/projects/hi-happy-garden-app/stm32cubeide-workspace/stm32cubeide/MXTmpFiles/rtos_vars.tmp
2023-12-29 22:40:36,376 [INFO] CodeEngine:255 - oldGeneratedFile, /home/antoniosalsi/projects/hi-happy-garden-app/stm32cubeide-workspace/stm32cubeide/MXTmpFiles/rtos_pfp.tmp_save
2023-12-29 22:40:36,415 [INFO] CodeEngine:279 - Generated code: /home/antoniosalsi/projects/hi-happy-garden-app/stm32cubeide-workspace/stm32cubeide/MXTmpFiles/rtos_pfp.tmp
2023-12-29 22:40:36,416 [INFO] CodeEngine:255 - oldGeneratedFile, /home/antoniosalsi/projects/hi-happy-garden-app/stm32cubeide-workspace/stm32cubeide/MXTmpFiles/rtos_obj_creat.tmp_save
2023-12-29 22:40:36,456 [INFO] CodeEngine:279 - Generated code: /home/antoniosalsi/projects/hi-happy-garden-app/stm32cubeide-workspace/stm32cubeide/MXTmpFiles/rtos_obj_creat.tmp
2023-12-29 22:40:36,457 [INFO] CodeEngine:255 - oldGeneratedFile, /home/antoniosalsi/projects/hi-happy-garden-app/stm32cubeide-workspace/stm32cubeide/MXTmpFiles/rtos_default_thread.tmp_save
2023-12-29 22:40:36,490 [INFO] CodeEngine:279 - Generated code: /home/antoniosalsi/projects/hi-happy-garden-app/stm32cubeide-workspace/stm32cubeide/MXTmpFiles/rtos_default_thread.tmp
2023-12-29 22:40:36,491 [INFO] CodeEngine:255 - oldGeneratedFile, /home/antoniosalsi/projects/hi-happy-garden-app/stm32cubeide-workspace/stm32cubeide/MXTmpFiles/rtos_threads.tmp_save
2023-12-29 22:40:36,523 [INFO] CodeEngine:279 - Generated code: /home/antoniosalsi/projects/hi-happy-garden-app/stm32cubeide-workspace/stm32cubeide/MXTmpFiles/rtos_threads.tmp
2023-12-29 22:40:36,526 [INFO] Middleware:1439 - No code input for Bsp Dependency
2023-12-29 22:40:36,528 [INFO] CodeEngine:255 - oldGeneratedFile, /home/antoniosalsi/projects/hi-happy-garden-app/stm32cubeide-workspace/stm32cubeide/MXTmpFiles/rtos_inc.tmp_save
2023-12-29 22:40:36,562 [INFO] CodeEngine:279 - Generated code: /home/antoniosalsi/projects/hi-happy-garden-app/stm32cubeide-workspace/stm32cubeide/MXTmpFiles/rtos_inc.tmp
2023-12-29 22:40:36,563 [INFO] CodeEngine:255 - oldGeneratedFile, /home/antoniosalsi/projects/hi-happy-garden-app/stm32cubeide-workspace/stm32cubeide/MXTmpFiles/rtos_kernelInit.tmp_save
2023-12-29 22:40:36,595 [INFO] CodeEngine:279 - Generated code: /home/antoniosalsi/projects/hi-happy-garden-app/stm32cubeide-workspace/stm32cubeide/MXTmpFiles/rtos_kernelInit.tmp
2023-12-29 22:40:36,596 [INFO] CodeEngine:255 - oldGeneratedFile, /home/antoniosalsi/projects/hi-happy-garden-app/stm32cubeide-workspace/stm32cubeide/MXTmpFiles/rtos_kernelStart.tmp_save
2023-12-29 22:40:36,628 [INFO] CodeEngine:279 - Generated code: /home/antoniosalsi/projects/hi-happy-garden-app/stm32cubeide-workspace/stm32cubeide/MXTmpFiles/rtos_kernelStart.tmp
2023-12-29 22:40:36,629 [INFO] CodeEngine:255 - oldGeneratedFile, /home/antoniosalsi/projects/hi-happy-garden-app/stm32cubeide-workspace/stm32cubeide/MXTmpFiles/rtos_typedefs.tmp_save
2023-12-29 22:40:36,662 [INFO] CodeEngine:279 - Generated code: /home/antoniosalsi/projects/hi-happy-garden-app/stm32cubeide-workspace/stm32cubeide/MXTmpFiles/rtos_typedefs.tmp
2023-12-29 22:40:36,663 [INFO] CodeEngine:255 - oldGeneratedFile, /home/antoniosalsi/projects/hi-happy-garden-app/stm32cubeide-workspace/stm32cubeide/MXTmpFiles/rtos_vars.tmp_save
2023-12-29 22:40:36,698 [INFO] CodeEngine:279 - Generated code: /home/antoniosalsi/projects/hi-happy-garden-app/stm32cubeide-workspace/stm32cubeide/MXTmpFiles/rtos_vars.tmp
2023-12-29 22:40:36,699 [INFO] CodeEngine:255 - oldGeneratedFile, /home/antoniosalsi/projects/hi-happy-garden-app/stm32cubeide-workspace/stm32cubeide/MXTmpFiles/rtos_pfp.tmp_save
2023-12-29 22:40:36,732 [INFO] CodeEngine:279 - Generated code: /home/antoniosalsi/projects/hi-happy-garden-app/stm32cubeide-workspace/stm32cubeide/MXTmpFiles/rtos_pfp.tmp
2023-12-29 22:40:36,733 [INFO] CodeEngine:255 - oldGeneratedFile, /home/antoniosalsi/projects/hi-happy-garden-app/stm32cubeide-workspace/stm32cubeide/MXTmpFiles/rtos_obj_creat.tmp_save
2023-12-29 22:40:36,767 [INFO] CodeEngine:279 - Generated code: /home/antoniosalsi/projects/hi-happy-garden-app/stm32cubeide-workspace/stm32cubeide/MXTmpFiles/rtos_obj_creat.tmp
2023-12-29 22:40:36,768 [INFO] CodeEngine:255 - oldGeneratedFile, /home/antoniosalsi/projects/hi-happy-garden-app/stm32cubeide-workspace/stm32cubeide/MXTmpFiles/rtos_default_thread.tmp_save
2023-12-29 22:40:36,801 [INFO] CodeEngine:279 - Generated code: /home/antoniosalsi/projects/hi-happy-garden-app/stm32cubeide-workspace/stm32cubeide/MXTmpFiles/rtos_default_thread.tmp
2023-12-29 22:40:36,801 [INFO] CodeEngine:255 - oldGeneratedFile, /home/antoniosalsi/projects/hi-happy-garden-app/stm32cubeide-workspace/stm32cubeide/MXTmpFiles/rtos_threads.tmp_save
2023-12-29 22:40:36,833 [INFO] CodeEngine:279 - Generated code: /home/antoniosalsi/projects/hi-happy-garden-app/stm32cubeide-workspace/stm32cubeide/MXTmpFiles/rtos_threads.tmp
2023-12-29 22:40:36,834 [INFO] CodeEngine:255 - oldGeneratedFile, /home/antoniosalsi/projects/hi-happy-garden-app/stm32cubeide-workspace/stm32cubeide/Core/Inc/FreeRTOSConfig.h_save
2023-12-29 22:40:36,878 [INFO] CodeEngine:279 - Generated code: /home/antoniosalsi/projects/hi-happy-garden-app/stm32cubeide-workspace/stm32cubeide/Core/Inc/FreeRTOSConfig.h
2023-12-29 22:40:36,879 [INFO] CodeEngine:255 - oldGeneratedFile, /home/antoniosalsi/projects/hi-happy-garden-app/stm32cubeide-workspace/stm32cubeide/Core/Src/app_freertos.c_save
2023-12-29 22:40:36,920 [INFO] CodeEngine:279 - Generated code: /home/antoniosalsi/projects/hi-happy-garden-app/stm32cubeide-workspace/stm32cubeide/Core/Src/app_freertos.c
2023-12-29 22:40:36,925 [INFO] CodeEngine:255 - oldGeneratedFile, /home/antoniosalsi/projects/hi-happy-garden-app/stm32cubeide-workspace/stm32cubeide/Core/Src/stm32g4xx_it.c_save
2023-12-29 22:40:36,974 [INFO] CodeEngine:279 - Generated code: /home/antoniosalsi/projects/hi-happy-garden-app/stm32cubeide-workspace/stm32cubeide/Core/Src/stm32g4xx_it.c
2023-12-29 22:40:36,975 [INFO] CodeEngine:255 - oldGeneratedFile, /home/antoniosalsi/projects/hi-happy-garden-app/stm32cubeide-workspace/stm32cubeide/Core/Inc/stm32g4xx_it.h_save
2023-12-29 22:40:37,009 [INFO] CodeEngine:279 - Generated code: /home/antoniosalsi/projects/hi-happy-garden-app/stm32cubeide-workspace/stm32cubeide/Core/Inc/stm32g4xx_it.h
2023-12-29 22:40:37,013 [INFO] CodeEngine:255 - oldGeneratedFile, /home/antoniosalsi/projects/hi-happy-garden-app/stm32cubeide-workspace/stm32cubeide/Core/Src/stm32g4xx_hal_msp.c_save
2023-12-29 22:40:37,094 [INFO] CodeEngine:279 - Generated code: /home/antoniosalsi/projects/hi-happy-garden-app/stm32cubeide-workspace/stm32cubeide/Core/Src/stm32g4xx_hal_msp.c
2023-12-29 22:40:37,096 [INFO] CodeEngine:255 - oldGeneratedFile, /home/antoniosalsi/projects/hi-happy-garden-app/stm32cubeide-workspace/stm32cubeide/MXTmpFiles/system.tmp_save
2023-12-29 22:40:37,130 [INFO] CodeEngine:279 - Generated code: /home/antoniosalsi/projects/hi-happy-garden-app/stm32cubeide-workspace/stm32cubeide/MXTmpFiles/system.tmp
2023-12-29 22:40:37,131 [INFO] CodeEngine:255 - oldGeneratedFile, /home/antoniosalsi/projects/hi-happy-garden-app/stm32cubeide-workspace/stm32cubeide/Core/Src/stm32g4xx_hal_timebase_tim.c_save
2023-12-29 22:40:37,166 [INFO] CodeEngine:279 - Generated code: /home/antoniosalsi/projects/hi-happy-garden-app/stm32cubeide-workspace/stm32cubeide/Core/Src/stm32g4xx_hal_timebase_tim.c
2023-12-29 22:40:37,168 [INFO] CodeEngine:311 - oldGeneratedFile, /home/antoniosalsi/projects/hi-happy-garden-app/stm32cubeide-workspace/stm32cubeide/Core/Inc/stm32g4xx_hal_conf.h_save
2023-12-29 22:40:37,205 [INFO] CodeEngine:335 - Generated code: /home/antoniosalsi/projects/hi-happy-garden-app/stm32cubeide-workspace/stm32cubeide/Core/Inc/stm32g4xx_hal_conf.h
2023-12-29 22:40:37,216 [WARN] IPConfigManager:2946 - Warning: the RefConfig RCC_CommonPeriphClockConfig is not available in your config.xml file
2023-12-29 22:40:37,221 [INFO] CodeEngine:255 - oldGeneratedFile, /home/antoniosalsi/projects/hi-happy-garden-app/stm32cubeide-workspace/stm32cubeide/Core/Inc/main.h_save
2023-12-29 22:40:37,281 [INFO] CodeEngine:279 - Generated code: /home/antoniosalsi/projects/hi-happy-garden-app/stm32cubeide-workspace/stm32cubeide/Core/Inc/main.h
2023-12-29 22:40:37,293 [INFO] CodeEngine:255 - oldGeneratedFile, /home/antoniosalsi/projects/hi-happy-garden-app/stm32cubeide-workspace/stm32cubeide/Core/Src/main.c_save
2023-12-29 22:40:37,362 [INFO] CodeEngine:279 - Generated code: /home/antoniosalsi/projects/hi-happy-garden-app/stm32cubeide-workspace/stm32cubeide/Core/Src/main.c
2023-12-29 22:40:37,621 [INFO] ProjectBuilder:3076 - Time for Copy HAL[1] : 46mS.
2023-12-29 22:40:37,625 [INFO] ProjectBuilder:4485 - Project Generator version: 4.2.0-B44
2023-12-29 22:40:37,720 [INFO] ConfigFileManager:1495 - The Die is : DIE469
2023-12-29 22:40:37,721 [INFO] ApiDbMcu:508 - Load IP Config File for FATFS
2023-12-29 22:40:37,724 [INFO] ApiDbMcu:508 - Load IP Config File for USBPD
2023-12-29 22:40:37,728 [INFO] ApiDbMcu:508 - Load IP Config File for USB_Device
2023-12-29 22:40:38,086 [INFO] LogOutputStream:77 - [STDOUT_REDIRECT] 
2023-12-29 22:40:38,432 [INFO] ProjectBuilder:4747 - Time for Generating toolchain IDE Files: 806mS.
2023-12-29 22:40:38,432 [INFO] ProjectBuilder:2947 - Time for Copy CMSIS : 0mS.
2023-12-29 22:40:38,442 [INFO] ProjectBuilder:2947 - Time for Copy CMSIS : 0mS.
